Writing new restart file dakota.rst

>>>>> Executing environment.

>>>>> Running random_sampling iterator.

NonD lhs Samples = 100 Seed (user-specified) = 17

------------------------------
Begin    CSDMS Evaluation    1
------------------------------
Parameters for evaluation 1:
                      1.3051453504e+01 starting_mean_annual_temperature
                      1.9329683759e+00 total_annual_precipitation

blocking fork: dakota_run_component params.in results.out

Active response data for CSDMS evaluation 1:
Active set vector = { 1 }
                      1.0845469325e+01 channel_exit_water_sediment~suspended__mass_concentration



------------------------------
Begin    CSDMS Evaluation    2
------------------------------
Parameters for evaluation 2:
                      1.3290330532e+01 starting_mean_annual_temperature
                      1.7112731032e+00 total_annual_precipitation

blocking fork: dakota_run_component params.in results.out

Active response data for CSDMS evaluation 2:
Active set vector = { 1 }
                      1.3730887410e+01 channel_exit_water_sediment~suspended__mass_concentration



------------------------------
Begin    CSDMS Evaluation    3
--------------------------DAKOTA execution time in seconds:
  Total CPU        =       0.09 [parent =   0.082988, child =   0.007012]
  Total wall clock =    3046.01
e+00 total_annual_precipitation

blocking fork: dakota_run_component params.in results.out

Active response data for CSDMS evaluation 3:
Active set vector = { 1 }
                      1.6518161358e+01 channel_exit_water_sediment~suspended__mass_concentration



------------------------------
Begin    CSDMS Evaluation    4
------------------------------
Parameters for evaluation 4:
                      1.6040838953e+01 starting_mean_annual_temperature
                      1.6568262500e+00 total_annual_precipitation

blocking fork: dakota_run_component params.in results.out

Active response data for CSDMS evaluation 4:
Active set vector = { 1 }
                      1.6874648809e+01 channel_exit_water_sediment~suspended__mass_concentration



------------------------------
Begin    CSDMS Evaluation    5
------------------------------
Parameters for evaluation 5:
                      1.2477436237e+01 starting_mean_annual_temperature
                      1.5051447187e+00 total_annual_precipitation

blocking fork: dakota_run_component params.in results.out

Active response data for CSDMS evaluation 5:
Active set vector = { 1 }
                      1.7561783547e+01 channel_exit_water_sediment~suspended__mass_concentration



------------------------------
Begin    CSDMS Evaluation    6
------------------------------
Parameters for evaluation 6:
                      1.2465346989e+01 starting_mean_annual_temperature
                      1.3185256186e+00 total_annual_precipitation

blocking fork: dakota_run_component params.in results.out

Active response data for CSDMS evaluation 6:
Active set vector = { 1 }
                      2.3552194013e+01 channel_exit_water_sediment~suspended__mass_concentration



------------------------------
Begin    CSDMS Evaluation    7
------------------------------
Parameters for evaluation 7:
                      1.6852803583e+01 starting_mean_annual_temperature
                      1.3289773601e+00 total_annual_precipitation

blocking fork: dakota_run_component params.in results.out

Active response data for CSDMS evaluation 7:
Active set vector = { 1 }
                      2.4477251949e+01 channel_exit_water_sediment~suspended__mass_concentration



------------------------------
Begin    CSDMS Evaluation    8
------------------------------
Parameters for evaluation 8:
                      1.1130820925e+01 starting_mean_annual_temperature
                      1.2206255413e+00 total_annual_precipitation

blocking fork: dakota_run_component params.in results.out

Active response data for CSDMS evaluation 8:
Active set vector = { 1 }
                      1.4892868490e+01 channel_exit_water_sediment~suspended__mass_concentration



------------------------------
Begin    CSDMS Evaluation    9
------------------------------
Parameters for evaluation 9:
                      1.1323875968e+01 starting_mean_annual_temperature
                      1.2581650805e+00 total_annual_precipitation

blocking fork: dakota_run_component params.in results.out

Active response data for CSDMS evaluation 9:
Active set vector = { 1 }
                      2.6514932445e+01 channel_exit_water_sediment~suspended__mass_concentration



------------------------------
Begin    CSDMS Evaluation   10
------------------------------
Parameters for evaluation 10:
                      1.4537922136e+01 starting_mean_annual_temperature
                      1.6128681973e+00 total_annual_precipitation

blocking fork: dakota_run_component params.in results.out

Active response data for CSDMS evaluation 10:
Active set vector = { 1 }
                      1.6698399676e+01 channel_exit_water_sediment~suspended__mass_concentration



------------------------------
Begin    CSDMS Evaluation   11
------------------------------
Parameters for evaluation 11:
                      1.5779450196e+01 starting_mean_annual_temperature
                      1.4523647571e+00 total_annual_precipitation

blocking fork: dakota_run_component params.in results.out

Active response data for CSDMS evaluation 11:
Active set vector = { 1 }
                      2.4102817385e+01 channel_exit_water_sediment~suspended__mass_concentration



------------------------------
Begin    CSDMS Evaluation   12
------------------------------
Parameters for evaluation 12:
                      1.4021997751e+01 starting_mean_annual_temperature
                      1.8265461057e+00 total_annual_precipitation

blocking fork: dakota_run_component params.in results.out

Active response data for CSDMS evaluation 12:
Active set vector = { 1 }
                      1.6872462167e+01 channel_exit_water_sediment~suspended__mass_concentration



------------------------------
Begin    CSDMS Evaluation   13
------------------------------
Parameters for evaluation 13:
                      1.2608287627e+01 starting_mean_annual_temperature
                      1.6341951739e+00 total_annual_precipitation

blocking fork: dakota_run_component params.in results.out

Active response data for CSDMS evaluation 13:
Active set vector = { 1 }
                      1.1418204240e+01 channel_exit_water_sediment~suspended__mass_concentration



------------------------------
Begin    CSDMS Evaluation   14
------------------------------
Parameters for evaluation 14:
                      1.1734867805e+01 starting_mean_annual_temperature
                      1.4136584219e+00 total_annual_precipitation

blocking fork: dakota_run_component params.in results.out

Active response data for CSDMS evaluation 14:
Active set vector = { 1 }
                      1.4136902292e+01 channel_exit_water_sediment~suspended__mass_concentration



------------------------------
Begin    CSDMS Evaluation   15
------------------------------
Parameters for evaluation 15:
                      1.0879671659e+01 starting_mean_annual_temperature
                      1.8505586004e+00 total_annual_precipitation

blocking fork: dakota_run_component params.in results.out

Active response data for CSDMS evaluation 15:
Active set vector = { 1 }
                      8.7031900637e+00 channel_exit_water_sediment~suspended__mass_concentration



------------------------------
Begin    CSDMS Evaluation   16
------------------------------
Parameters for evaluation 16:
                      1.1118109403e+01 starting_mean_annual_temperature
                      1.5746618839e+00 total_annual_precipitation

blocking fork: dakota_run_component params.in results.out

Active response data for CSDMS evaluation 16:
Active set vector = { 1 }
                      1.2205283565e+01 channel_exit_water_sediment~suspended__mass_concentration



------------------------------
Begin    CSDMS Evaluation   17
------------------------------
Parameters for evaluation 17:
                      1.0720921215e+01 starting_mean_annual_temperature
                      1.3386342726e+00 total_annual_precipitation

blocking fork: dakota_run_component params.in results.out

Active response data for CSDMS evaluation 17:
Active set vector = { 1 }
                      1.5752957807e+01 channel_exit_water_sediment~suspended__mass_concentration



------------------------------
Begin    CSDMS Evaluation   18
------------------------------
Parameters for evaluation 18:
                      1.4641751033e+01 starting_mean_annual_temperature
                      1.4736111175e+00 total_annual_precipitation

blocking fork: dakota_run_component params.in results.out

Active response data for CSDMS evaluation 18:
Active set vector = { 1 }
                      2.5856331885e+01 channel_exit_water_sediment~suspended__mass_concentration



------------------------------
Begin    CSDMS Evaluation   19
------------------------------
Parameters for evaluation 19:
                      1.6436606009e+01 starting_mean_annual_temperature
                      1.2251229959e+00 total_annual_precipitation

blocking fork: dakota_run_component params.in results.out

Active response data for CSDMS evaluation 19:
Active set vector = { 1 }
                      1.9832325821e+01 channel_exit_water_sediment~suspended__mass_concentration



------------------------------
Begin    CSDMS Evaluation   20
------------------------------
Parameters for evaluation 20:
                      1.0997597976e+01 starting_mean_annual_temperature
                      1.9638568964e+00 total_annual_precipitation

blocking fork: dakota_run_component params.in results.out

Active response data for CSDMS evaluation 20:
Active set vector = { 1 }
                      1.7985030460e+01 channel_exit_water_sediment~suspended__mass_concentration



------------------------------
Begin    CSDMS Evaluation   21
------------------------------
Parameters for evaluation 21:
                      1.5229351752e+01 starting_mean_annual_temperature
                      1.3546461986e+00 total_annual_precipitation

blocking fork: dakota_run_component params.in results.out

Active response data for CSDMS evaluation 21:
Active set vector = { 1 }
                      1.7979491848e+01 channel_exit_water_sediment~suspended__mass_concentration



------------------------------
Begin    CSDMS Evaluation   22
------------------------------
Parameters for evaluation 22:
                      1.7383510142e+01 starting_mean_annual_temperature
                      1.4210709138e+00 total_annual_precipitation

blocking fork: dakota_run_component params.in results.out

Active response data for CSDMS evaluation 22:
Active set vector = { 1 }
                      2.0278438590e+01 channel_exit_water_sediment~suspended__mass_concentration



------------------------------
Begin    CSDMS Evaluation   23
------------------------------
Parameters for evaluation 23:
                      1.2876321722e+01 starting_mean_annual_temperature
                      1.6033988451e+00 total_annual_precipitation

blocking fork: dakota_run_component params.in results.out

Active response data for CSDMS evaluation 23:
Active set vector = { 1 }
                      1.5016885513e+01 channel_exit_water_sediment~suspended__mass_concentration



------------------------------
Begin    CSDMS Evaluation   24
------------------------------
Parameters for evaluation 24:
                      1.7652507004e+01 starting_mean_annual_temperature
                      1.8979851495e+00 total_annual_precipitation

blocking fork: dakota_run_component params.in results.out

Active response data for CSDMS evaluation 24:
Active set vector = { 1 }
                      2.1188651047e+01 channel_exit_water_sediment~suspended__mass_concentration



------------------------------
Begin    CSDMS Evaluation   25
------------------------------
Parameters for evaluation 25:
                      1.1968054610e+01 starting_mean_annual_temperature
                      1.2739429814e+00 total_annual_precipitation

blocking fork: dakota_run_component params.in results.out

Active response data for CSDMS evaluation 25:
Active set vector = { 1 }
                      1.4430897469e+01 channel_exit_water_sediment~suspended__mass_concentration



------------------------------
Begin    CSDMS Evaluation   26
------------------------------
Parameters for evaluation 26:
                      1.1809712791e+01 starting_mean_annual_temperature
                      1.7440029558e+00 total_annual_precipitation

blocking fork: dakota_run_component params.in results.out

Active response data for CSDMS evaluation 26:
Active set vector = { 1 }
                      1.1083021793e+01 channel_exit_water_sediment~suspended__mass_concentration



------------------------------
Begin    CSDMS Evaluation   27
------------------------------
Parameters for evaluation 27:
                      1.2003404766e+01 starting_mean_annual_temperature
                      1.8216827664e+00 total_annual_precipitation

blocking fork: dakota_run_component params.in results.out

Active response data for CSDMS evaluation 27:
Active set vector = { 1 }
                      1.4199421171e+01 channel_exit_water_sediment~suspended__mass_concentration



------------------------------
Begin    CSDMS Evaluation   28
------------------------------
Parameters for evaluation 28:
                      1.1838773467e+01 starting_mean_annual_temperature
                      1.6486503846e+00 total_annual_precipitation

blocking fork: dakota_run_component params.in results.out

Active response data for CSDMS evaluation 28:
Active set vector = { 1 }
                      1.9124808132e+01 channel_exit_water_sediment~suspended__mass_concentration



------------------------------
Begin    CSDMS Evaluation   29
------------------------------
Parameters for evaluation 29:
                      1.1488312564e+01 starting_mean_annual_temperature
                      1.8699040533e+00 total_annual_precipitation

blocking fork: dakota_run_component params.in results.out

Active response data for CSDMS evaluation 29:
Active set vector = { 1 }
                      1.6617328625e+01 channel_exit_water_sediment~suspended__mass_concentration



------------------------------
Begin    CSDMS Evaluation   30
------------------------------
Parameters for evaluation 30:
                      1.3418092160e+01 starting_mean_annual_temperature
                      1.2414980159e+00 total_annual_precipitation

blocking fork: dakota_run_component params.in results.out

Active response data for CSDMS evaluation 30:
Active set vector = { 1 }
                      1.9365330936e+01 channel_exit_water_sediment~suspended__mass_concentration



------------------------------
Begin    CSDMS Evaluation   31
------------------------------
Parameters for evaluation 31:
                      1.7717497397e+01 starting_mean_annual_temperature
                      1.7828493508e+00 total_annual_precipitation

blocking fork: dakota_run_component params.in results.out

Active response data for CSDMS evaluation 31:
Active set vector = { 1 }
                      2.7926072562e+01 channel_exit_water_sediment~suspended__mass_concentration



------------------------------
Begin    CSDMS Evaluation   32
------------------------------
Parameters for evaluation 32:
                      1.4974112945e+01 starting_mean_annual_temperature
                      1.9851457276e+00 total_annual_precipitation

blocking fork: dakota_run_component params.in results.out

Active response data for CSDMS evaluation 32:
Active set vector = { 1 }
                      1.8181021816e+01 channel_exit_water_sediment~suspended__mass_concentration



------------------------------
Begin    CSDMS Evaluation   33
------------------------------
Parameters for evaluation 33:
                      1.6732215930e+01 starting_mean_annual_temperature
                      1.5444841587e+00 total_annual_precipitation

blocking fork: dakota_run_component params.in results.out

Active response data for CSDMS evaluation 33:
Active set vector = { 1 }
                      2.9675411252e+01 channel_exit_water_sediment~suspended__mass_concentration



------------------------------
Begin    CSDMS Evaluation   34
------------------------------
Parameters for evaluation 34:
                      1.3156423441e+01 starting_mean_annual_temperature
                      1.1998509252e+00 total_annual_precipitation

blocking fork: dakota_run_component params.in results.out

Active response data for CSDMS evaluation 34:
Active set vector = { 1 }
                      3.0208353228e+01 channel_exit_water_sediment~suspended__mass_concentration



------------------------------
Begin    CSDMS Evaluation   35
------------------------------
Parameters for evaluation 35:
                      1.2373499633e+01 starting_mean_annual_temperature
                      1.3736347029e+00 total_annual_precipitation

blocking fork: dakota_run_component params.in results.out

Active response data for CSDMS evaluation 35:
Active set vector = { 1 }
                      1.7748642340e+01 channel_exit_water_sediment~suspended__mass_concentration



------------------------------
Begin    CSDMS Evaluation   36
------------------------------
Parameters for evaluation 36:
                      1.4726980641e+01 starting_mean_annual_temperature
                      1.7000914922e+00 total_annual_precipitation

blocking fork: dakota_run_component params.in results.out

Active response data for CSDMS evaluation 36:
Active set vector = { 1 }
                      1.2685253755e+01 channel_exit_water_sediment~suspended__mass_concentration



------------------------------
Begin    CSDMS Evaluation   37
------------------------------
Parameters for evaluation 37:
                      1.4342069713e+01 starting_mean_annual_temperature
                      1.9477046912e+00 total_annual_precipitation

blocking fork: dakota_run_component params.in results.out

Active response data for CSDMS evaluation 37:
Active set vector = { 1 }
                      1.7577752282e+01 channel_exit_water_sediment~suspended__mass_concentration



------------------------------
Begin    CSDMS Evaluation   38
------------------------------
Parameters for evaluation 38:
                      1.5358566734e+01 starting_mean_annual_temperature
                      1.3013816934e+00 total_annual_precipitation

blocking fork: dakota_run_component params.in results.out

Active response data for CSDMS evaluation 38:
Active set vector = { 1 }
                      2.7647740547e+01 channel_exit_water_sediment~suspended__mass_concentration



------------------------------
Begin    CSDMS Evaluation   39
------------------------------
Parameters for evaluation 39:
                      1.6301046753e+01 starting_mean_annual_temperature
                      1.2323063920e+00 total_annual_precipitation

blocking fork: dakota_run_component params.in results.out

Active response data for CSDMS evaluation 39:
Active set vector = { 1 }
                      3.2657034164e+01 channel_exit_water_sediment~suspended__mass_concentration



------------------------------
Begin    CSDMS Evaluation   40
------------------------------
Parameters for evaluation 40:
                      1.6999033102e+01 starting_mean_annual_temperature
                      1.2647330134e+00 total_annual_precipitation

blocking fork: dakota_run_component params.in results.out

Active response data for CSDMS evaluation 40:
Active set vector = { 1 }
                      3.8055913029e+01 channel_exit_water_sediment~suspended__mass_concentration



------------------------------
Begin    CSDMS Evaluation   41
------------------------------
Parameters for evaluation 41:
                      1.5860050129e+01 starting_mean_annual_temperature
                      1.2536181460e+00 total_annual_precipitation

blocking fork: dakota_run_component params.in results.out

Active response data for CSDMS evaluation 41:
Active set vector = { 1 }
                      2.4159874124e+01 channel_exit_water_sediment~suspended__mass_concentration



------------------------------
Begin    CSDMS Evaluation   42
------------------------------
Parameters for evaluation 42:
                      1.2187143506e+01 starting_mean_annual_temperature
                      1.5278910490e+00 total_annual_precipitation

blocking fork: dakota_run_component params.in results.out

Active response data for CSDMS evaluation 42:
Active set vector = { 1 }
                      2.2041781322e+01 channel_exit_water_sediment~suspended__mass_concentration



------------------------------
Begin    CSDMS Evaluation   43
------------------------------
Parameters for evaluation 43:
                      1.5161026838e+01 starting_mean_annual_temperature
                      1.9038364211e+00 total_annual_precipitation

blocking fork: dakota_run_component params.in results.out

Active response data for CSDMS evaluation 43:
Active set vector = { 1 }
                      1.9406964222e+01 channel_exit_water_sediment~suspended__mass_concentration



------------------------------
Begin    CSDMS Evaluation   44
------------------------------
Parameters for evaluation 44:
                      1.5067386961e+01 starting_mean_annual_temperature
                      1.4233172194e+00 total_annual_precipitation

blocking fork: dakota_run_component params.in results.out

Active response data for CSDMS evaluation 44:
Active set vector = { 1 }
                      2.5419021006e+01 channel_exit_water_sediment~suspended__mass_concentration



------------------------------
Begin    CSDMS Evaluation   45
------------------------------
Parameters for evaluation 45:
                      1.3644911858e+01 starting_mean_annual_temperature
                      1.9669972454e+00 total_annual_precipitation

blocking fork: dakota_run_component params.in results.out

Active response data for CSDMS evaluation 45:
Active set vector = { 1 }
                      1.2134866188e+01 channel_exit_water_sediment~suspended__mass_concentration



------------------------------
Begin    CSDMS Evaluation   46
------------------------------
Parameters for evaluation 46:
                      1.3206274020e+01 starting_mean_annual_temperature
                      1.1966344382e+00 total_annual_precipitation

blocking fork: dakota_run_component params.in results.out

Active response data for CSDMS evaluation 46:
Active set vector = { 1 }
                      3.5568656552e+01 channel_exit_water_sediment~suspended__mass_concentration



------------------------------
Begin    CSDMS Evaluation   47
------------------------------
Parameters for evaluation 47:
                      1.7789359999e+01 starting_mean_annual_temperature
                      1.5573039934e+00 total_annual_precipitation

blocking fork: dakota_run_component params.in results.out

Active response data for CSDMS evaluation 47:
Active set vector = { 1 }
                      1.8863679051e+01 channel_exit_water_sediment~suspended__mass_concentration



------------------------------
Begin    CSDMS Evaluation   48
------------------------------
Parameters for evaluation 48:
                      1.5624291714e+01 starting_mean_annual_temperature
                      1.9106412107e+00 total_annual_precipitation

blocking fork: dakota_run_component params.in results.out

Active response data for CSDMS evaluation 48:
Active set vector = { 1 }
                      1.2988553685e+01 channel_exit_water_sediment~suspended__mass_concentration



------------------------------
Begin    CSDMS Evaluation   49
------------------------------
Parameters for evaluation 49:
                      1.2243722202e+01 starting_mean_annual_temperature
                      1.7911885981e+00 total_annual_precipitation

blocking fork: dakota_run_component params.in results.out

Active response data for CSDMS evaluation 49:
Active set vector = { 1 }
                      1.4494484098e+01 channel_exit_water_sediment~suspended__mass_concentration



------------------------------
Begin    CSDMS Evaluation   50
------------------------------
Parameters for evaluation 50:
                      1.4402714375e+01 starting_mean_annual_temperature
                      1.6179095521e+00 total_annual_precipitation

blocking fork: dakota_run_component params.in results.out

Active response data for CSDMS evaluation 50:
Active set vector = { 1 }
                      1.2323924931e+01 channel_exit_water_sediment~suspended__mass_concentration



------------------------------
Begin    CSDMS Evaluation   51
------------------------------
Parameters for evaluation 51:
                      1.4260217179e+01 starting_mean_annual_temperature
                      1.3100855651e+00 total_annual_precipitation

blocking fork: dakota_run_component params.in results.out

Active response data for CSDMS evaluation 51:
Active set vector = { 1 }
                      4.3219208469e+01 channel_exit_water_sediment~suspended__mass_concentration



------------------------------
Begin    CSDMS Evaluation   52
------------------------------
Parameters for evaluation 52:
                      1.0783906222e+01 starting_mean_annual_temperature
                      1.5121905055e+00 total_annual_precipitation

blocking fork: dakota_run_component params.in results.out

Active response data for CSDMS evaluation 52:
Active set vector = { 1 }
                      2.0101392681e+01 channel_exit_water_sediment~suspended__mass_concentration



------------------------------
Begin    CSDMS Evaluation   53
------------------------------
Parameters for evaluation 53:
                      1.5681286071e+01 starting_mean_annual_temperature
                      1.6275431751e+00 total_annual_precipitation

blocking fork: dakota_run_component params.in results.out

Active response data for CSDMS evaluation 53:
Active set vector = { 1 }
                      1.3559624258e+01 channel_exit_water_sediment~suspended__mass_concentration



------------------------------
Begin    CSDMS Evaluation   54
------------------------------
Parameters for evaluation 54:
                      1.6625651006e+01 starting_mean_annual_temperature
                      1.7376298997e+00 total_annual_precipitation

blocking fork: dakota_run_component params.in results.out

Active response data for CSDMS evaluation 54:
Active set vector = { 1 }
                      1.7343631782e+01 channel_exit_water_sediment~suspended__mass_concentration



------------------------------
Begin    CSDMS Evaluation   55
------------------------------
Parameters for evaluation 55:
                      1.4838754533e+01 starting_mean_annual_temperature
                      1.5637251461e+00 total_annual_precipitation

blocking fork: dakota_run_component params.in results.out

Active response data for CSDMS evaluation 55:
Active set vector = { 1 }
                      3.9280811501e+01 channel_exit_water_sediment~suspended__mass_concentration



------------------------------
Begin    CSDMS Evaluation   56
------------------------------
Parameters for evaluation 56:
                      1.6235413713e+01 starting_mean_annual_temperature
                      1.6442806695e+00 total_annual_precipitation

blocking fork: dakota_run_component params.in results.out

Active response data for CSDMS evaluation 56:
Active set vector = { 1 }
                      1.4636499481e+01 channel_exit_water_sediment~suspended__mass_concentration



------------------------------
Begin    CSDMS Evaluation   57
------------------------------
Parameters for evaluation 57:
                      1.2793617400e+01 starting_mean_annual_temperature
                      1.8909776410e+00 total_annual_precipitation

blocking fork: dakota_run_component params.in results.out

Active response data for CSDMS evaluation 57:
Active set vector = { 1 }
                      1.1635632501e+01 channel_exit_water_sediment~suspended__mass_concentration



------------------------------
Begin    CSDMS Evaluation   58
------------------------------
Parameters for evaluation 58:
                      1.2920362116e+01 starting_mean_annual_temperature
                      1.7078193002e+00 total_annual_precipitation

blocking fork: dakota_run_component params.in results.out

Active response data for CSDMS evaluation 58:
Active set vector = { 1 }
                      1.2411531287e+01 channel_exit_water_sediment~suspended__mass_concentration



------------------------------
Begin    CSDMS Evaluation   59
------------------------------
Parameters for evaluation 59:
                      1.6127594721e+01 starting_mean_annual_temperature
                      1.5013288807e+00 total_annual_precipitation

blocking fork: dakota_run_component params.in results.out

Active response data for CSDMS evaluation 59:
Active set vector = { 1 }
                      1.9836458555e+01 channel_exit_water_sediment~suspended__mass_concentration



------------------------------
Begin    CSDMS Evaluation   60
------------------------------
Parameters for evaluation 60:
                      1.5284327370e+01 starting_mean_annual_temperature
                      1.5398012269e+00 total_annual_precipitation

blocking fork: dakota_run_component params.in results.out

Active response data for CSDMS evaluation 60:
Active set vector = { 1 }
                      1.7339218120e+01 channel_exit_water_sediment~suspended__mass_concentration



------------------------------
Begin    CSDMS Evaluation   61
------------------------------
Parameters for evaluation 61:
                      1.1254284314e+01 starting_mean_annual_temperature
                      1.3098750683e+00 total_annual_precipitation

blocking fork: dakota_run_component params.in results.out

Active response data for CSDMS evaluation 61:
Active set vector = { 1 }
                      3.5744023189e+01 channel_exit_water_sediment~suspended__mass_concentration



------------------------------
Begin    CSDMS Evaluation   62
------------------------------
Parameters for evaluation 62:
                      1.4901532639e+01 starting_mean_annual_temperature
                      1.3918049839e+00 total_annual_precipitation

blocking fork: dakota_run_component params.in results.out

Active response data for CSDMS evaluation 62:
Active set vector = { 1 }
                      1.6878394937e+01 channel_exit_water_sediment~suspended__mass_concentration



------------------------------
Begin    CSDMS Evaluation   63
------------------------------
Parameters for evaluation 63:
                      1.0972940603e+01 starting_mean_annual_temperature
                      1.9217141638e+00 total_annual_precipitation

blocking fork: dakota_run_component params.in results.out

Active response data for CSDMS evaluation 63:
Active set vector = { 1 }
                      1.2184450948e+01 channel_exit_water_sediment~suspended__mass_concentration



------------------------------
Begin    CSDMS Evaluation   64
------------------------------
Parameters for evaluation 64:
                      1.2051930352e+01 starting_mean_annual_temperature
                      1.4618140100e+00 total_annual_precipitation

blocking fork: dakota_run_component params.in results.out

Active response data for CSDMS evaluation 64:
Active set vector = { 1 }
                      1.6797695151e+01 channel_exit_water_sediment~suspended__mass_concentration



------------------------------
Begin    CSDMS Evaluation   65
------------------------------
Parameters for evaluation 65:
                      1.2691634750e+01 starting_mean_annual_temperature
                      1.8541400166e+00 total_annual_precipitation

blocking fork: dakota_run_component params.in results.out

Active response data for CSDMS evaluation 65:
Active set vector = { 1 }
                      1.0908906408e+01 channel_exit_water_sediment~suspended__mass_concentration



------------------------------
Begin    CSDMS Evaluation   66
------------------------------
Parameters for evaluation 66:
                      1.6880554129e+01 starting_mean_annual_temperature
                      1.7539014187e+00 total_annual_precipitation

blocking fork: dakota_run_component params.in results.out

Active response data for CSDMS evaluation 66:
Active set vector = { 1 }
                      1.3790958386e+01 channel_exit_water_sediment~suspended__mass_concentration



------------------------------
Begin    CSDMS Evaluation   67
------------------------------
Parameters for evaluation 67:
                      1.5391846122e+01 starting_mean_annual_temperature
                      1.2870434342e+00 total_annual_precipitation

blocking fork: dakota_run_component params.in results.out

Active response data for CSDMS evaluation 67:
Active set vector = { 1 }
                      3.6539278024e+01 channel_exit_water_sediment~suspended__mass_concentration



------------------------------
Begin    CSDMS Evaluation   68
------------------------------
Parameters for evaluation 68:
                      1.7142793951e+01 starting_mean_annual_temperature
                      1.3986666032e+00 total_annual_precipitation

blocking fork: dakota_run_component params.in results.out

Active response data for CSDMS evaluation 68:
Active set vector = { 1 }
                      1.9976835180e+01 channel_exit_water_sediment~suspended__mass_concentration



------------------------------
Begin    CSDMS Evaluation   69
------------------------------
Parameters for evaluation 69:
                      1.7571165195e+01 starting_mean_annual_temperature
                      1.9381970300e+00 total_annual_precipitation

blocking fork: dakota_run_component params.in results.out

Active response data for CSDMS evaluation 69:
Active set vector = { 1 }
                      2.1271049856e+01 channel_exit_water_sediment~suspended__mass_concentration



------------------------------
Begin    CSDMS Evaluation   70
------------------------------
Parameters for evaluation 70:
                      1.1368125851e+01 starting_mean_annual_temperature
                      1.7711269987e+00 total_annual_precipitation

blocking fork: dakota_run_component params.in results.out

Active response data for CSDMS evaluation 70:
Active set vector = { 1 }
                      1.2860189948e+01 channel_exit_water_sediment~suspended__mass_concentration



------------------------------
Begin    CSDMS Evaluation   71
------------------------------
Parameters for evaluation 71:
                      1.5461500617e+01 starting_mean_annual_temperature
                      1.4913372229e+00 total_annual_precipitation

blocking fork: dakota_run_component params.in results.out

Active response data for CSDMS evaluation 71:
Active set vector = { 1 }
                      2.5158508967e+01 channel_exit_water_sediment~suspended__mass_concentration



------------------------------
Begin    CSDMS Evaluation   72
------------------------------
Parameters for evaluation 72:
                      1.5566694899e+01 starting_mean_annual_temperature
                      1.7592670081e+00 total_annual_precipitation

blocking fork: dakota_run_component params.in results.out

Active response data for CSDMS evaluation 72:
Active set vector = { 1 }
                      2.6045665925e+01 channel_exit_water_sediment~suspended__mass_concentration



------------------------------
Begin    CSDMS Evaluation   73
------------------------------
Parameters for evaluation 73:
                      1.3721867132e+01 starting_mean_annual_temperature
                      1.8729198541e+00 total_annual_precipitation

blocking fork: dakota_run_component params.in results.out

Active response data for CSDMS evaluation 73:
Active set vector = { 1 }
                      1.2656519403e+01 channel_exit_water_sediment~suspended__mass_concentration



------------------------------
Begin    CSDMS Evaluation   74
------------------------------
Parameters for evaluation 74:
                      1.4800846346e+01 starting_mean_annual_temperature
                      1.8025888795e+00 total_annual_precipitation

blocking fork: dakota_run_component params.in results.out

Active response data for CSDMS evaluation 74:
Active set vector = { 1 }
                      2.4916188904e+01 channel_exit_water_sediment~suspended__mass_concentration



------------------------------
Begin    CSDMS Evaluation   75
------------------------------
Parameters for evaluation 75:
                      1.7457600100e+01 starting_mean_annual_temperature
                      1.5954038915e+00 total_annual_precipitation

blocking fork: dakota_run_component params.in results.out

Active response data for CSDMS evaluation 75:
Active set vector = { 1 }
                      2.2114933678e+01 channel_exit_water_sediment~suspended__mass_concentration



------------------------------
Begin    CSDMS Evaluation   76
------------------------------
Parameters for evaluation 76:
                      1.7078009700e+01 starting_mean_annual_temperature
                      1.4301255695e+00 total_annual_precipitation

blocking fork: dakota_run_component params.in results.out

Active response data for CSDMS evaluation 76:
Active set vector = { 1 }
                      3.2115977828e+01 channel_exit_water_sediment~suspended__mass_concentration



------------------------------
Begin    CSDMS Evaluation   77
------------------------------
Parameters for evaluation 77:
                      1.2266263172e+01 starting_mean_annual_temperature
                      1.8447826848e+00 total_annual_precipitation

blocking fork: dakota_run_component params.in results.out

Active response data for CSDMS evaluation 77:
Active set vector = { 1 }
                      1.7543484078e+01 channel_exit_water_sediment~suspended__mass_concentration



------------------------------
Begin    CSDMS Evaluation   78
------------------------------
Parameters for evaluation 78:
                      1.7161702052e+01 starting_mean_annual_temperature
                      1.5681644266e+00 total_annual_precipitation

blocking fork: dakota_run_component params.in results.out

Active response data for CSDMS evaluation 78:
Active set vector = { 1 }
                      2.0289054058e+01 channel_exit_water_sediment~suspended__mass_concentration



------------------------------
Begin    CSDMS Evaluation   79
------------------------------
Parameters for evaluation 79:
                      1.3790251662e+01 starting_mean_annual_temperature
                      1.9554557671e+00 total_annual_precipitation

blocking fork: dakota_run_component params.in results.out

Active response data for CSDMS evaluation 79:
Active set vector = { 1 }
                      1.4841686510e+01 channel_exit_water_sediment~suspended__mass_concentration



------------------------------
Begin    CSDMS Evaluation   80
------------------------------
Parameters for evaluation 80:
                      1.3469079797e+01 starting_mean_annual_temperature
                      1.3744753587e+00 total_annual_precipitation

blocking fork: dakota_run_component params.in results.out

Active response data for CSDMS evaluation 80:
Active set vector = { 1 }
                      4.1859247950e+01 channel_exit_water_sediment~suspended__mass_concentration



------------------------------
Begin    CSDMS Evaluation   81
------------------------------
Parameters for evaluation 81:
                      1.3011174347e+01 starting_mean_annual_temperature
                      1.7783234208e+00 total_annual_precipitation

blocking fork: dakota_run_component params.in results.out

Active response data for CSDMS evaluation 81:
Active set vector = { 1 }
                      1.1676185493e+01 channel_exit_water_sediment~suspended__mass_concentration



------------------------------
Begin    CSDMS Evaluation   82
------------------------------
Parameters for evaluation 82:
                      1.5940148683e+01 starting_mean_annual_temperature
                      1.7185130221e+00 total_annual_precipitation

blocking fork: dakota_run_component params.in results.out

Active response data for CSDMS evaluation 82:
Active set vector = { 1 }
                      2.8060092164e+01 channel_exit_water_sediment~suspended__mass_concentration



------------------------------
Begin    CSDMS Evaluation   83
------------------------------
Parameters for evaluation 83:
                      1.7295029281e+01 starting_mean_annual_temperature
                      1.6879629791e+00 total_annual_precipitation

blocking fork: dakota_run_component params.in results.out

Active response data for CSDMS evaluation 83:
Active set vector = { 1 }
                      2.1769029551e+01 channel_exit_water_sediment~suspended__mass_concentration



------------------------------
Begin    CSDMS Evaluation   84
------------------------------
Parameters for evaluation 84:
                      1.3353827639e+01 starting_mean_annual_temperature
                      1.2062332560e+00 total_annual_precipitation

blocking fork: dakota_run_component params.in results.out

Active response data for CSDMS evaluation 84:
Active set vector = { 1 }
                      1.6058409764e+01 channel_exit_water_sediment~suspended__mass_concentration



------------------------------
Begin    CSDMS Evaluation   85
------------------------------
Parameters for evaluation 85:
                      1.6474265847e+01 starting_mean_annual_temperature
                      1.5231988056e+00 total_annual_precipitation

blocking fork: dakota_run_component params.in results.out

Active response data for CSDMS evaluation 85:
Active set vector = { 1 }
                      1.9517601019e+01 channel_exit_water_sediment~suspended__mass_concentration



------------------------------
Begin    CSDMS Evaluation   86
------------------------------
Parameters for evaluation 86:
                      1.3852119368e+01 starting_mean_annual_temperature
                      1.3482510755e+00 total_annual_precipitation

blocking fork: dakota_run_component params.in results.out

Active response data for CSDMS evaluation 86:
Active set vector = { 1 }
                      1.9493245356e+01 channel_exit_water_sediment~suspended__mass_concentration



------------------------------
Begin    CSDMS Evaluation   87
------------------------------
Parameters for evaluation 87:
                      1.4137712391e+01 starting_mean_annual_temperature
                      1.5851404817e+00 total_annual_precipitation

blocking fork: dakota_run_component params.in results.out

Active response data for CSDMS evaluation 87:
Active set vector = { 1 }
                      1.6972955361e+01 channel_exit_water_sediment~suspended__mass_concentration



------------------------------
Begin    CSDMS Evaluation   88
------------------------------
Parameters for evaluation 88:
                      1.1456599680e+01 starting_mean_annual_temperature
                      1.8108790126e+00 total_annual_precipitation

blocking fork: dakota_run_component params.in results.out

Active response data for CSDMS evaluation 88:
Active set vector = { 1 }
                      1.4240599408e+01 channel_exit_water_sediment~suspended__mass_concentration



------------------------------
Begin    CSDMS Evaluation   89
------------------------------
Parameters for evaluation 89:
                      1.4510224483e+01 starting_mean_annual_temperature
                      1.9805889599e+00 total_annual_precipitation

blocking fork: dakota_run_component params.in results.out

Active response data for CSDMS evaluation 89:
Active set vector = { 1 }
                      1.7310270274e+01 channel_exit_water_sediment~suspended__mass_concentration



------------------------------
Begin    CSDMS Evaluation   90
------------------------------
Parameters for evaluation 90:
                      1.2632301439e+01 starting_mean_annual_temperature
                      1.2821584195e+00 total_annual_precipitation

blocking fork: dakota_run_component params.in results.out

Active response data for CSDMS evaluation 90:
Active set vector = { 1 }
                      2.0662828486e+01 channel_exit_water_sediment~suspended__mass_concentration



------------------------------
Begin    CSDMS Evaluation   91
------------------------------
Parameters for evaluation 91:
                      1.6789186368e+01 starting_mean_annual_temperature
                      1.6798453566e+00 total_annual_precipitation

blocking fork: dakota_run_component params.in results.out

Active response data for CSDMS evaluation 91:
Active set vector = { 1 }
                      1.4313114763e+01 channel_exit_water_sediment~suspended__mass_concentration



------------------------------
Begin    CSDMS Evaluation   92
------------------------------
Parameters for evaluation 92:
                      1.7318130008e+01 starting_mean_annual_temperature
                      1.8846629675e+00 total_annual_precipitation

blocking fork: dakota_run_component params.in results.out

Active response data for CSDMS evaluation 92:
Active set vector = { 1 }
                      2.2456957495e+01 channel_exit_water_sediment~suspended__mass_concentration



------------------------------
Begin    CSDMS Evaluation   93
------------------------------
Parameters for evaluation 93:
                      1.1597263984e+01 starting_mean_annual_temperature
                      1.7338450756e+00 total_annual_precipitation

blocking fork: dakota_run_component params.in results.out

Active response data for CSDMS evaluation 93:
Active set vector = { 1 }
                      1.3074544210e+01 channel_exit_water_sediment~suspended__mass_concentration



------------------------------
Begin    CSDMS Evaluation   94
------------------------------
Parameters for evaluation 94:
                      1.6366970709e+01 starting_mean_annual_temperature
                      1.4849763503e+00 total_annual_precipitation

blocking fork: dakota_run_component params.in results.out

Active response data for CSDMS evaluation 94:
Active set vector = { 1 }
                      2.1061259697e+01 channel_exit_water_sediment~suspended__mass_concentration



------------------------------
Begin    CSDMS Evaluation   95
------------------------------
Parameters for evaluation 95:
                      1.4060081356e+01 starting_mean_annual_temperature
                      1.6717615365e+00 total_annual_precipitation

blocking fork: dakota_run_component params.in results.out

Active response data for CSDMS evaluation 95:
Active set vector = { 1 }
                      1.4455437407e+01 channel_exit_water_sediment~suspended__mass_concentration



------------------------------
Begin    CSDMS Evaluation   96
------------------------------
Parameters for evaluation 96:
                      1.4207726607e+01 starting_mean_annual_temperature
                      1.4681455235e+00 total_annual_precipitation

blocking fork: dakota_run_component params.in results.out

Active response data for CSDMS evaluation 96:
Active set vector = { 1 }
                      4.1925874552e+01 channel_exit_water_sediment~suspended__mass_concentration



------------------------------
Begin    CSDMS Evaluation   97
------------------------------
Parameters for evaluation 97:
                      1.3898298462e+01 starting_mean_annual_temperature
                      1.4408490023e+00 total_annual_precipitation

blocking fork: dakota_run_component params.in results.out

Active response data for CSDMS evaluation 97:
Active set vector = { 1 }
                      1.9113880877e+01 channel_exit_water_sediment~suspended__mass_concentration



------------------------------
Begin    CSDMS Evaluation   98
------------------------------
Parameters for evaluation 98:
                      1.3561138526e+01 starting_mean_annual_temperature
                      1.8341254446e+00 total_annual_precipitation

blocking fork: dakota_run_component params.in results.out

Active response data for CSDMS evaluation 98:
Active set vector = { 1 }
                      1.4020093438e+01 channel_exit_water_sediment~suspended__mass_concentration



------------------------------
Begin    CSDMS Evaluation   99
------------------------------
Parameters for evaluation 99:
                      1.1638584571e+01 starting_mean_annual_temperature
                      1.3835795502e+00 total_annual_precipitation

blocking fork: dakota_run_component params.in results.out

Active response data for CSDMS evaluation 99:
Active set vector = { 1 }
                      1.4092964964e+01 channel_exit_water_sediment~suspended__mass_concentration



------------------------------
Begin    CSDMS Evaluation  100
------------------------------
Parameters for evaluation 100:
                      1.5962411531e+01 starting_mean_annual_temperature
                      1.3620219043e+00 total_annual_precipitation

blocking fork: dakota_run_component params.in results.out

Active response data for CSDMS evaluation 100:
Active set vector = { 1 }
                      1.9302505557e+01 channel_exit_water_sediment~suspended__mass_concentration


<<<<< Function evaluation summary (CSDMS): 100 total (100 new, 0 duplicate)

Statistics based on 100 samples:

Moment-based statistics for each response function:
                            Mean           Std Dev          Skewness          Kurtosis
channel_exit_water_sediment~suspended__mass_concentration  1.9910162858e+01  7.6366907521e+00  1.2919817054e+00  1.3162312272e+00

95% confidence intervals for each response function:
                    LowerCI_Mean      UpperCI_Mean    LowerCI_StdDev    UpperCI_StdDev
channel_exit_water_sediment~suspended__mass_concentration  1.8394877733e+01  2.1425447982e+01  6.7050667566e+00  8.8713546791e+00

Level mappings for each response function:
Cumulative Distribution Function (CDF) for channel_exit_water_sediment~suspended__mass_concentration:
     Response Level  Probability Level  Reliability Index  General Rel Index
     --------------  -----------------  -----------------  -----------------
   4.0000000000e+01   9.7000000000e-01
   1.1418204240e+01   5.0000000000e-02
   1.2205283565e+01   1.0000000000e-01
   1.5016885513e+01   3.3000000000e-01
   1.7748642340e+01   5.0000000000e-01
   2.0289054058e+01   6.7000000000e-01
   3.0208353228e+01   9.0000000000e-01
   3.6539278024e+01   9.5000000000e-01

Probability Density Function (PDF) histograms for each response function:
PDF for channel_exit_water_sediment~suspended__mass_concentration:
          Bin Lower          Bin Upper      Density Value
          ---------          ---------      -------------
   8.7031900637e+00   1.1418204240e+01   1.4732888080e-02
   1.1418204240e+01   1.2205283565e+01   6.3525998500e-02
   1.2205283565e+01   1.5016885513e+01   8.1803898366e-02
   1.5016885513e+01   1.7748642340e+01   6.2231014965e-02
   1.7748642340e+01   2.0289054058e+01   6.6918286828e-02
   2.0289054058e+01   3.0208353228e+01   2.3187122001e-02
   3.0208353228e+01   3.6539278024e+01   7.8977403160e-03
   3.6539278024e+01   4.0000000000e+01   8.6687113858e-03
   4.0000000000e+01   4.3219208469e+01   9.3190609710e-03

Simple Correlation Matrix among all inputs and outputs:
             starting_mean_annual_temperature total_annual_precipitation channel_exit_water_sediment~suspended__mass_concentration 
starting_mean_annual_temperature  1.00000e+00 
total_annual_precipitation -2.37413e-02  1.00000e+00 
channel_exit_water_sediment~suspended__mass_concentration  3.05181e-01 -4.86402e-01  1.00000e+00 

Partial Correlation Matrix between input and output:
             channel_exit_water_sediment~suspended__mass_concentration 
starting_mean_annual_temperature  3.36161e-01 
total_annual_precipitation -5.03302e-01 

Simple Rank Correlation Matrix among all inputs and outputs:
             starting_mean_annual_temperature total_annual_precipitation channel_exit_water_sediment~suspended__mass_concentration 
starting_mean_annual_temperature  1.00000e+00 
total_annual_precipitation -2.28623e-02  1.00000e+00 
channel_exit_water_sediment~suspended__mass_concentration  4.28443e-01 -4.94305e-01  1.00000e+00 

Partial Rank Correlation Matrix between input and output:
             channel_exit_water_sediment~suspended__mass_concentration 
starting_mean_annual_temperature  4.79991e-01 
total_annual_precipitation -5.36359e-01 


<<<<< Iterator random_sampling completed.
<<<<< Environment execution completed.
