Writing new restart file dakota.rst

>>>>> Executing environment.

>>>>> Running random_sampling iterator.

NonD lhs Samples = 100 Seed (user-specified) = 17

------------------------------
Begin    CSDMS Evaluation    1
------------------------------
Parameters for evaluation 1:
                      1.3311906343e+01 T
                      1.9287104699e+00 P

blocking fork: dakota_run_component params.in results.out

Active response data for CSDMS evaluation 1:
Active set vector = { 1 }
                      6.7000000000e+01 n_Cs40



------------------------------
Begin    CSDMS Evaluation    2
------------------------------
Parameters for evaluation 2:
                      1.3648352862e+01 T
                      1.6515913790e+00 P

blocking fork: dakota_run_component params.in results.out

Active response data for CSDMS evaluation 2:
Active set vector = { 1 }
                      9.0000000000e+01 n_Cs40



------------------------------
Begin    CSDMS Evaluation    3
--------------------------DAKOTA execution time in seconds:
  Total CPU        =       0.07 [parent =   0.076988, child =  -0.006988]
  Total wall clock =    3086.59
e+00 P

blocking fork: dakota_run_component params.in results.out

Active response data for CSDMS evaluation 3:
Active set vector = { 1 }
                      2.2900000000e+02 n_Cs40



------------------------------
Begin    CSDMS Evaluation    4
------------------------------
Parameters for evaluation 4:
                      1.7522308384e+01 T
                      1.5835328125e+00 P

blocking fork: dakota_run_component params.in results.out

Active response data for CSDMS evaluation 4:
Active set vector = { 1 }
                      2.0700000000e+02 n_Cs40



------------------------------
Begin    CSDMS Evaluation    5
------------------------------
Parameters for evaluation 5:
                      1.2503431319e+01 T
                      1.3939308984e+00 P

blocking fork: dakota_run_component params.in results.out

Active response data for CSDMS evaluation 5:
Active set vector = { 1 }
                      1.0300000000e+02 n_Cs40



------------------------------
Begin    CSDMS Evaluation    6
------------------------------
Parameters for evaluation 6:
                      1.2486404210e+01 T
                      1.1606570232e+00 P

blocking fork: dakota_run_component params.in results.out

Active response data for CSDMS evaluation 6:
Active set vector = { 1 }
                      1.3800000000e+02 n_Cs40



------------------------------
Begin    CSDMS Evaluation    7
------------------------------
Parameters for evaluation 7:
                      1.8665920540e+01 T
                      1.1737217002e+00 P

blocking fork: dakota_run_component params.in results.out

Active response data for CSDMS evaluation 7:
Active set vector = { 1 }
                      3.9400000000e+02 n_Cs40



------------------------------
Begin    CSDMS Evaluation    8
------------------------------
Parameters for evaluation 8:
                      1.0606790036e+01 T
                      1.0382819266e+00 P

blocking fork: dakota_run_component params.in results.out

Active response data for CSDMS evaluation 8:
Active set vector = { 1 }
                      1.0300000000e+02 n_Cs40



------------------------------
Begin    CSDMS Evaluation    9
------------------------------
Parameters for evaluation 9:
                      1.0878698546e+01 T
                      1.0852063507e+00 P

blocking fork: dakota_run_component params.in results.out

Active response data for CSDMS evaluation 9:
Active set vector = { 1 }
                      1.1400000000e+02 n_Cs40



------------------------------
Begin    CSDMS Evaluation   10
------------------------------
Parameters for evaluation 10:
                      1.5405524135e+01 T
                      1.5285852467e+00 P

blocking fork: dakota_run_component params.in results.out

Active response data for CSDMS evaluation 10:
Active set vector = { 1 }
                      1.6600000000e+02 n_Cs40



------------------------------
Begin    CSDMS Evaluation   11
------------------------------
Parameters for evaluation 11:
                      1.7154155206e+01 T
                      1.3279559464e+00 P

blocking fork: dakota_run_component params.in results.out

Active response data for CSDMS evaluation 11:
Active set vector = { 1 }
                      2.7800000000e+02 n_Cs40



------------------------------
Begin    CSDMS Evaluation   12
------------------------------
Parameters for evaluation 12:
                      1.4678870071e+01 T
                      1.7956826322e+00 P

blocking fork: dakota_run_component params.in results.out

Active response data for CSDMS evaluation 12:
Active set vector = { 1 }
                      1.0600000000e+02 n_Cs40



------------------------------
Begin    CSDMS Evaluation   13
------------------------------
Parameters for evaluation 13:
                      1.2687729053e+01 T
                      1.5552439673e+00 P

blocking fork: dakota_run_component params.in results.out

Active response data for CSDMS evaluation 13:
Active set vector = { 1 }
                      8.4000000000e+01 n_Cs40



------------------------------
Begin    CSDMS Evaluation   14
------------------------------
Parameters for evaluation 14:
                      1.1457560289e+01 T
                      1.2795730273e+00 P

blocking fork: dakota_run_component params.in results.out

Active response data for CSDMS evaluation 14:
Active set vector = { 1 }
                      9.9000000000e+01 n_Cs40



------------------------------
Begin    CSDMS Evaluation   15
------------------------------
Parameters for evaluation 15:
                      1.0253058675e+01 T
                      1.8256982505e+00 P

blocking fork: dakota_run_component params.in results.out

Active response data for CSDMS evaluation 15:
Active set vector = { 1 }
                      3.4000000000e+01 n_Cs40



------------------------------
Begin    CSDMS Evaluation   16
------------------------------
Parameters for evaluation 16:
                      1.0588886483e+01 T
                      1.4808273549e+00 P

blocking fork: dakota_run_component params.in results.out

Active response data for CSDMS evaluation 16:
Active set vector = { 1 }
                      6.7000000000e+01 n_Cs40



------------------------------
Begin    CSDMS Evaluation   17
------------------------------
Parameters for evaluation 17:
                      1.0029466500e+01 T
                      1.1857928407e+00 P

blocking fork: dakota_run_component params.in results.out

Active response data for CSDMS evaluation 17:
Active set vector = { 1 }
                      7.1000000000e+01 n_Cs40



------------------------------
Begin    CSDMS Evaluation   18
------------------------------
Parameters for evaluation 18:
                      1.5551762019e+01 T
                      1.3545138969e+00 P

blocking fork: dakota_run_component params.in results.out

Active response data for CSDMS evaluation 18:
Active set vector = { 1 }
                      2.0800000000e+02 n_Cs40



------------------------------
Begin    CSDMS Evaluation   19
------------------------------
Parameters for evaluation 19:
                      1.8079726773e+01 T
                      1.0439037449e+00 P

blocking fork: dakota_run_component params.in results.out

Active response data for CSDMS evaluation 19:
Active set vector = { 1 }
                      4.8500000000e+02 n_Cs40



------------------------------
Begin    CSDMS Evaluation   20
------------------------------
Parameters for evaluation 20:
                      1.0419152079e+01 T
                      1.9673211205e+00 P

blocking fork: dakota_run_component params.in results.out

Active response data for CSDMS evaluation 20:
Active set vector = { 1 }
                      2.6000000000e+01 n_Cs40



------------------------------
Begin    CSDMS Evaluation   21
------------------------------
Parameters for evaluation 21:
                      1.6379368665e+01 T
                      1.2058077483e+00 P

blocking fork: dakota_run_component params.in results.out

Active response data for CSDMS evaluation 21:
Active set vector = { 1 }
                      2.7800000000e+02 n_Cs40



------------------------------
Begin    CSDMS Evaluation   22
------------------------------
Parameters for evaluation 22:
                      1.9413394567e+01 T
                      1.2888386422e+00 P

blocking fork: dakota_run_component params.in results.out

Active response data for CSDMS evaluation 22:
Active set vector = { 1 }
                      4.0100000000e+02 n_Cs40



------------------------------
Begin    CSDMS Evaluation   23
------------------------------
Parameters for evaluation 23:
                      1.3065241862e+01 T
                      1.5167485563e+00 P

blocking fork: dakota_run_component params.in results.out

Active response data for CSDMS evaluation 23:
Active set vector = { 1 }
                      1.0400000000e+02 n_Cs40



------------------------------
Begin    CSDMS Evaluation   24
------------------------------
Parameters for evaluation 24:
                      1.9792263385e+01 T
                      1.8849814369e+00 P

blocking fork: dakota_run_component params.in results.out

Active response data for CSDMS evaluation 24:
Active set vector = { 1 }
                      1.7600000000e+02 n_Cs40



------------------------------
Begin    CSDMS Evaluation   25
------------------------------
Parameters for evaluation 25:
                      1.1785992408e+01 T
                      1.1049287267e+00 P

blocking fork: dakota_run_component params.in results.out

Active response data for CSDMS evaluation 25:
Active set vector = { 1 }
                      1.2400000000e+02 n_Cs40



------------------------------
Begin    CSDMS Evaluation   26
------------------------------
Parameters for evaluation 26:
                      1.1562975761e+01 T
                      1.6925036947e+00 P

blocking fork: dakota_run_component params.in results.out

Active response data for CSDMS evaluation 26:
Active set vector = { 1 }
                      6.8000000000e+01 n_Cs40



------------------------------
Begin    CSDMS Evaluation   27
------------------------------
Parameters for evaluation 27:
                      1.1835781361e+01 T
                      1.7896034580e+00 P

blocking fork: dakota_run_component params.in results.out

Active response data for CSDMS evaluation 27:
Active set vector = { 1 }
                      6.9000000000e+01 n_Cs40



------------------------------
Begin    CSDMS Evaluation   28
------------------------------
Parameters for evaluation 28:
                      1.1603906291e+01 T
                      1.5733129808e+00 P

blocking fork: dakota_run_component params.in results.out

Active response data for CSDMS evaluation 28:
Active set vector = { 1 }
                      6.8000000000e+01 n_Cs40



------------------------------
Begin    CSDMS Evaluation   29
------------------------------
Parameters for evaluation 29:
                      1.1110299386e+01 T
                      1.8498800666e+00 P

blocking fork: dakota_run_component params.in results.out

Active response data for CSDMS evaluation 29:
Active set vector = { 1 }
                      4.0000000000e+01 n_Cs40



------------------------------
Begin    CSDMS Evaluation   30
------------------------------
Parameters for evaluation 30:
                      1.3828298816e+01 T
                      1.0643725199e+00 P

blocking fork: dakota_run_component params.in results.out

Active response data for CSDMS evaluation 30:
Active set vector = { 1 }
                      2.1200000000e+02 n_Cs40



------------------------------
Begin    CSDMS Evaluation   31
------------------------------
Parameters for evaluation 31:
                      1.9883799151e+01 T
                      1.7410616886e+00 P

blocking fork: dakota_run_component params.in results.out

Active response data for CSDMS evaluation 31:
Active set vector = { 1 }
                      2.3100000000e+02 n_Cs40



------------------------------
Begin    CSDMS Evaluation   32
------------------------------
Parameters for evaluation 32:
                      1.6019877388e+01 T
                      1.9939321595e+00 P

blocking fork: dakota_run_component params.in results.out

Active response data for CSDMS evaluation 32:
Active set vector = { 1 }
                      1.0700000000e+02 n_Cs40



------------------------------
Begin    CSDMS Evaluation   33
------------------------------
Parameters for evaluation 33:
                      1.8496078775e+01 T
                      1.4431051984e+00 P

blocking fork: dakota_run_component params.in results.out

Active response data for CSDMS evaluation 33:
Active set vector = { 1 }
                      2.9400000000e+02 n_Cs40



------------------------------
Begin    CSDMS Evaluation   34
------------------------------
Parameters for evaluation 34:
                      1.3459751325e+01 T
                      1.0123136564e+00 P

blocking fork: dakota_run_component params.in results.out

Active response data for CSDMS evaluation 34:
Active set vector = { 1 }
                      2.3600000000e+02 n_Cs40



------------------------------
Begin    CSDMS Evaluation   35
------------------------------
Parameters for evaluation 35:
                      1.2357041736e+01 T
                      1.2295433787e+00 P

blocking fork: dakota_run_component params.in results.out

Active response data for CSDMS evaluation 35:
Active set vector = { 1 }
                      1.2800000000e+02 n_Cs40



------------------------------
Begin    CSDMS Evaluation   36
------------------------------
Parameters for evaluation 36:
                      1.5671803719e+01 T
                      1.6376143653e+00 P

blocking fork: dakota_run_component params.in results.out

Active response data for CSDMS evaluation 36:
Active set vector = { 1 }
                      1.5500000000e+02 n_Cs40



------------------------------
Begin    CSDMS Evaluation   37
------------------------------
Parameters for evaluation 37:
                      1.5129675652e+01 T
                      1.9471308641e+00 P

blocking fork: dakota_run_component params.in results.out

Active response data for CSDMS evaluation 37:
Active set vector = { 1 }
                      1.0600000000e+02 n_Cs40



------------------------------
Begin    CSDMS Evaluation   38
------------------------------
Parameters for evaluation 38:
                      1.6561361597e+01 T
                      1.1392271168e+00 P

blocking fork: dakota_run_component params.in results.out

Active response data for CSDMS evaluation 38:
Active set vector = { 1 }
                      3.4000000000e+02 n_Cs40



------------------------------
Begin    CSDMS Evaluation   39
------------------------------
Parameters for evaluation 39:
                      1.7888798243e+01 T
                      1.0528829900e+00 P

blocking fork: dakota_run_component params.in results.out

Active response data for CSDMS evaluation 39:
Active set vector = { 1 }
                      4.3700000000e+02 n_Cs40



------------------------------
Begin    CSDMS Evaluation   40
------------------------------
Parameters for evaluation 40:
                      1.8871877608e+01 T
                      1.0934162667e+00 P

blocking fork: dakota_run_component params.in results.out

Active response data for CSDMS evaluation 40:
Active set vector = { 1 }
                      4.9400000000e+02 n_Cs40



------------------------------
Begin    CSDMS Evaluation   41
------------------------------
Parameters for evaluation 41:
                      1.7267676238e+01 T
                      1.0795226825e+00 P

blocking fork: dakota_run_component params.in results.out

Active response data for CSDMS evaluation 41:
Active set vector = { 1 }
                      3.8400000000e+02 n_Cs40



------------------------------
Begin    CSDMS Evaluation   42
------------------------------
Parameters for evaluation 42:
                      1.2094568318e+01 T
                      1.4223638113e+00 P

blocking fork: dakota_run_component params.in results.out

Active response data for CSDMS evaluation 42:
Active set vector = { 1 }
                      8.9000000000e+01 n_Cs40



------------------------------
Begin    CSDMS Evaluation   43
------------------------------
Parameters for evaluation 43:
                      1.6283136392e+01 T
                      1.8922955264e+00 P

blocking fork: dakota_run_component params.in results.out

Active response data for CSDMS evaluation 43:
Active set vector = { 1 }
                      1.2100000000e+02 n_Cs40



------------------------------
Begin    CSDMS Evaluation   44
------------------------------
Parameters for evaluation 44:
                      1.6151249241e+01 T
                      1.2916465242e+00 P

blocking fork: dakota_run_component params.in results.out

Active response data for CSDMS evaluation 44:
Active set vector = { 1 }
                      2.4900000000e+02 n_Cs40



------------------------------
Begin    CSDMS Evaluation   45
------------------------------
Parameters for evaluation 45:
                      1.4147763181e+01 T
                      1.9712465567e+00 P

blocking fork: dakota_run_component params.in results.out

Active response data for CSDMS evaluation 45:
Active set vector = { 1 }
                      8.9000000000e+01 n_Cs40



------------------------------
Begin    CSDMS Evaluation   46
------------------------------
Parameters for evaluation 46:
                      1.3529963408e+01 T
                      1.0082930477e+00 P

blocking fork: dakota_run_component params.in results.out

Active response data for CSDMS evaluation 46:
Active set vector = { 1 }
                      2.4500000000e+02 n_Cs40



------------------------------
Begin    CSDMS Evaluation   47
------------------------------
Parameters for evaluation 47:
                      1.9985014083e+01 T
                      1.4591299917e+00 P

blocking fork: dakota_run_component params.in results.out

Active response data for CSDMS evaluation 47:
Active set vector = { 1 }
                      3.1100000000e+02 n_Cs40



------------------------------
Begin    CSDMS Evaluation   48
------------------------------
Parameters for evaluation 48:
                      1.6935622132e+01 T
                      1.9008015134e+00 P

blocking fork: dakota_run_component params.in results.out

Active response data for CSDMS evaluation 48:
Active set vector = { 1 }
                      1.2700000000e+02 n_Cs40



------------------------------
Begin    CSDMS Evaluation   49
------------------------------
Parameters for evaluation 49:
                      1.2174256622e+01 T
                      1.7514857477e+00 P

blocking fork: dakota_run_component params.in results.out

Active response data for CSDMS evaluation 49:
Active set vector = { 1 }
                      7.5000000000e+01 n_Cs40



------------------------------
Begin    CSDMS Evaluation   50
------------------------------
Parameters for evaluation 50:
                      1.5215090670e+01 T
                      1.5348869401e+00 P

blocking fork: dakota_run_component params.in results.out

Active response data for CSDMS evaluation 50:
Active set vector = { 1 }
                      1.4500000000e+02 n_Cs40



------------------------------
Begin    CSDMS Evaluation   51
------------------------------
Parameters for evaluation 51:
                      1.5014390392e+01 T
                      1.1501069564e+00 P

blocking fork: dakota_run_component params.in results.out

Active response data for CSDMS evaluation 51:
Active set vector = { 1 }
                      2.6400000000e+02 n_Cs40



------------------------------
Begin    CSDMS Evaluation   52
------------------------------
Parameters for evaluation 52:
                      1.0118177777e+01 T
                      1.4027381319e+00 P

blocking fork: dakota_run_component params.in results.out

Active response data for CSDMS evaluation 52:
Active set vector = { 1 }
                      6.1000000000e+01 n_Cs40



------------------------------
Begin    CSDMS Evaluation   53
------------------------------
Parameters for evaluation 53:
                      1.7015895874e+01 T
                      1.5469289689e+00 P

blocking fork: dakota_run_component params.in results.out

Active response data for CSDMS evaluation 53:
Active set vector = { 1 }
                      1.8800000000e+02 n_Cs40



------------------------------
Begin    CSDMS Evaluation   54
------------------------------
Parameters for evaluation 54:
                      1.8345987332e+01 T
                      1.6845373746e+00 P

blocking fork: dakota_run_component params.in results.out

Active response data for CSDMS evaluation 54:
Active set vector = { 1 }
                      1.9700000000e+02 n_Cs40



------------------------------
Begin    CSDMS Evaluation   55
------------------------------
Parameters for evaluation 55:
                      1.5829231736e+01 T
                      1.4671564326e+00 P

blocking fork: dakota_run_component params.in results.out

Active response data for CSDMS evaluation 55:
Active set vector = { 1 }
                      1.8600000000e+02 n_Cs40



------------------------------
Begin    CSDMS Evaluation   56
------------------------------
Parameters for evaluation 56:
                      1.7796357342e+01 T
                      1.5678508369e+00 P

blocking fork: dakota_run_component params.in results.out

Active response data for CSDMS evaluation 56:
Active set vector = { 1 }
                      2.2100000000e+02 n_Cs40



------------------------------
Begin    CSDMS Evaluation   57
------------------------------
Parameters for evaluation 57:
                      1.2948756902e+01 T
                      1.8762220513e+00 P

blocking fork: dakota_run_component params.in results.out

Active response data for CSDMS evaluation 57:
Active set vector = { 1 }
                      5.8000000000e+01 n_Cs40



------------------------------
Begin    CSDMS Evaluation   58
------------------------------
Parameters for evaluation 58:
                      1.3127270586e+01 T
                      1.6472741252e+00 P

blocking fork: dakota_run_component params.in results.out

Active response data for CSDMS evaluation 58:
Active set vector = { 1 }
                      8.5000000000e+01 n_Cs40



------------------------------
Begin    CSDMS Evaluation   59
------------------------------
Parameters for evaluation 59:
                      1.7644499606e+01 T
                      1.3891611009e+00 P

blocking fork: dakota_run_component params.in results.out

Active response data for CSDMS evaluation 59:
Active set vector = { 1 }
                      2.5100000000e+02 n_Cs40



------------------------------
Begin    CSDMS Evaluation   60
------------------------------
Parameters for evaluation 60:
                      1.6456799112e+01 T
                      1.4372515336e+00 P

blocking fork: dakota_run_component params.in results.out

Active response data for CSDMS evaluation 60:
Active set vector = { 1 }
                      2.3500000000e+02 n_Cs40



------------------------------
Begin    CSDMS Evaluation   61
------------------------------
Parameters for evaluation 61:
                      1.0780682133e+01 T
                      1.1498438354e+00 P

blocking fork: dakota_run_component params.in results.out

Active response data for CSDMS evaluation 61:
Active set vector = { 1 }
                      1.0200000000e+02 n_Cs40



------------------------------
Begin    CSDMS Evaluation   62
------------------------------
Parameters for evaluation 62:
                      1.5917651605e+01 T
                      1.2522562298e+00 P

blocking fork: dakota_run_component params.in results.out

Active response data for CSDMS evaluation 62:
Active set vector = { 1 }
                      2.4100000000e+02 n_Cs40



------------------------------
Begin    CSDMS Evaluation   63
------------------------------
Parameters for evaluation 63:
                      1.0384423384e+01 T
                      1.9146427048e+00 P

blocking fork: dakota_run_component params.in results.out

Active response data for CSDMS evaluation 63:
Active set vector = { 1 }
                      3.4000000000e+01 n_Cs40



------------------------------
Begin    CSDMS Evaluation   64
------------------------------
Parameters for evaluation 64:
                      1.1904127256e+01 T
                      1.3397675125e+00 P

blocking fork: dakota_run_component params.in results.out

Active response data for CSDMS evaluation 64:
Active set vector = { 1 }
                      9.4000000000e+01 n_Cs40



------------------------------
Begin    CSDMS Evaluation   65
------------------------------
Parameters for evaluation 65:
                      1.2805119366e+01 T
                      1.8301750207e+00 P

blocking fork: dakota_run_component params.in results.out

Active response data for CSDMS evaluation 65:
Active set vector = { 1 }
                      6.2000000000e+01 n_Cs40



------------------------------
Begin    CSDMS Evaluation   66
------------------------------
Parameters for evaluation 66:
                      1.8705005816e+01 T
                      1.7048767733e+00 P

blocking fork: dakota_run_component params.in results.out

Active response data for CSDMS evaluation 66:
Active set vector = { 1 }
                      2.0000000000e+02 n_Cs40



------------------------------
Begin    CSDMS Evaluation   67
------------------------------
Parameters for evaluation 67:
                      1.6608233975e+01 T
                      1.1213042928e+00 P

blocking fork: dakota_run_component params.in results.out

Active response data for CSDMS evaluation 67:
Active set vector = { 1 }
                      3.3200000000e+02 n_Cs40



------------------------------
Begin    CSDMS Evaluation   68
------------------------------
Parameters for evaluation 68:
                      1.9074357677e+01 T
                      1.2608332540e+00 P

blocking fork: dakota_run_component params.in results.out

Active response data for CSDMS evaluation 68:
Active set vector = { 1 }
                      4.0000000000e+02 n_Cs40



------------------------------
Begin    CSDMS Evaluation   69
------------------------------
Parameters for evaluation 69:
                      1.9677697458e+01 T
                      1.9352462875e+00 P

blocking fork: dakota_run_component params.in results.out

Active response data for CSDMS evaluation 69:
Active set vector = { 1 }
                      1.7400000000e+02 n_Cs40



------------------------------
Begin    CSDMS Evaluation   70
------------------------------
Parameters for evaluation 70:
                      1.0941022325e+01 T
                      1.7264087483e+00 P

blocking fork: dakota_run_component params.in results.out

Active response data for CSDMS evaluation 70:
Active set vector = { 1 }
                      4.9000000000e+01 n_Cs40



------------------------------
Begin    CSDMS Evaluation   71
------------------------------
Parameters for evaluation 71:
                      1.6706338897e+01 T
                      1.3766715287e+00 P

blocking fork: dakota_run_component params.in results.out

Active response data for CSDMS evaluation 71:
Active set vector = { 1 }
                      2.3100000000e+02 n_Cs40



------------------------------
Begin    CSDMS Evaluation   72
------------------------------
Parameters for evaluation 72:
                      1.6854499857e+01 T
                      1.7115837602e+00 P

blocking fork: dakota_run_component params.in results.out

Active response data for CSDMS evaluation 72:
Active set vector = { 1 }
                      1.5100000000e+02 n_Cs40



------------------------------
Begin    CSDMS Evaluation   73
------------------------------
Parameters for evaluation 73:
                      1.4256150890e+01 T
                      1.8536498176e+00 P

blocking fork: dakota_run_component params.in results.out

Active response data for CSDMS evaluation 73:
Active set vector = { 1 }
                      8.9000000000e+01 n_Cs40



------------------------------
Begin    CSDMS Evaluation   74
------------------------------
Parameters for evaluation 74:
                      1.5775839924e+01 T
                      1.7657360994e+00 P

blocking fork: dakota_run_component params.in results.out

Active response data for CSDMS evaluation 74:
Active set vector = { 1 }
                      1.3400000000e+02 n_Cs40



------------------------------
Begin    CSDMS Evaluation   75
------------------------------
Parameters for evaluation 75:
                      1.9517746620e+01 T
                      1.5067548644e+00 P

blocking fork: dakota_run_component params.in results.out

Active response data for CSDMS evaluation 75:
Active set vector = { 1 }
                      2.8500000000e+02 n_Cs40



------------------------------
Begin    CSDMS Evaluation   76
------------------------------
Parameters for evaluation 76:
                      1.8983112254e+01 T
                      1.3001569619e+00 P

blocking fork: dakota_run_component params.in results.out

Active response data for CSDMS evaluation 76:
Active set vector = { 1 }
                      3.6600000000e+02 n_Cs40



------------------------------
Begin    CSDMS Evaluation   77
------------------------------
Parameters for evaluation 77:
                      1.2206004468e+01 T
                      1.8184783560e+00 P

blocking fork: dakota_run_component params.in results.out

Active response data for CSDMS evaluation 77:
Active set vector = { 1 }
                      6.8000000000e+01 n_Cs40



------------------------------
Begin    CSDMS Evaluation   78
------------------------------
Parameters for evaluation 78:
                      1.9100988806e+01 T
                      1.4727055333e+00 P

blocking fork: dakota_run_component params.in results.out

Active response data for CSDMS evaluation 78:
Active set vector = { 1 }
                      2.9900000000e+02 n_Cs40



------------------------------
Begin    CSDMS Evaluation   79
------------------------------
Parameters for evaluation 79:
                      1.4352467130e+01 T
                      1.9568197089e+00 P

blocking fork: dakota_run_component params.in results.out

Active response data for CSDMS evaluation 79:
Active set vector = { 1 }
                      9.3000000000e+01 n_Cs40



------------------------------
Begin    CSDMS Evaluation   80
------------------------------
Parameters for evaluation 80:
                      1.3900112390e+01 T
                      1.2305941984e+00 P

blocking fork: dakota_run_component params.in results.out

Active response data for CSDMS evaluation 80:
Active set vector = { 1 }
                      1.6300000000e+02 n_Cs40



------------------------------
Begin    CSDMS Evaluation   81
------------------------------
Parameters for evaluation 81:
                      1.3255175137e+01 T
                      1.7354042760e+00 P

blocking fork: dakota_run_component params.in results.out

Active response data for CSDMS evaluation 81:
Active set vector = { 1 }
                      7.5000000000e+01 n_Cs40



------------------------------
Begin    CSDMS Evaluation   82
------------------------------
Parameters for evaluation 82:
                      1.7380491103e+01 T
                      1.6606412777e+00 P

blocking fork: dakota_run_component params.in results.out

Active response data for CSDMS evaluation 82:
Active set vector = { 1 }
                      1.8600000000e+02 n_Cs40



------------------------------
Begin    CSDMS Evaluation   83
------------------------------
Parameters for evaluation 83:
                      1.9288773635e+01 T
                      1.6224537239e+00 P

blocking fork: dakota_run_component params.in results.out

Active response data for CSDMS evaluation 83:
Active set vector = { 1 }
                      2.3500000000e+02 n_Cs40



------------------------------
Begin    CSDMS Evaluation   84
------------------------------
Parameters for evaluation 84:
                      1.3737785406e+01 T
                      1.0202915700e+00 P

blocking fork: dakota_run_component params.in results.out

Active response data for CSDMS evaluation 84:
Active set vector = { 1 }
                      2.4400000000e+02 n_Cs40



------------------------------
Begin    CSDMS Evaluation   85
------------------------------
Parameters for evaluation 85:
                      1.8132768799e+01 T
                      1.4164985071e+00 P

blocking fork: dakota_run_component params.in results.out

Active response data for CSDMS evaluation 85:
Active set vector = { 1 }
                      2.6600000000e+02 n_Cs40



------------------------------
Begin    CSDMS Evaluation   86
------------------------------
Parameters for evaluation 86:
                      1.4439604744e+01 T
                      1.1978138444e+00 P

blocking fork: dakota_run_component params.in results.out

Active response data for CSDMS evaluation 86:
Active set vector = { 1 }
                      2.0000000000e+02 n_Cs40



------------------------------
Begin    CSDMS Evaluation   87
------------------------------
Parameters for evaluation 87:
                      1.4841848438e+01 T
                      1.4939256022e+00 P

blocking fork: dakota_run_component params.in results.out

Active response data for CSDMS evaluation 87:
Active set vector = { 1 }
                      1.5700000000e+02 n_Cs40



------------------------------
Begin    CSDMS Evaluation   88
------------------------------
Parameters for evaluation 88:
                      1.1065633352e+01 T
                      1.7760987658e+00 P

blocking fork: dakota_run_component params.in results.out

Active response data for CSDMS evaluation 88:
Active set vector = { 1 }
                      4.9000000000e+01 n_Cs40



------------------------------
Begin    CSDMS Evaluation   89
------------------------------
Parameters for evaluation 89:
                      1.5366513356e+01 T
                      1.9882361998e+00 P

blocking fork: dakota_run_component params.in results.out

Active response data for CSDMS evaluation 89:
Active set vector = { 1 }
                      9.9000000000e+01 n_Cs40



------------------------------
Begin    CSDMS Evaluation   90
------------------------------
Parameters for evaluation 90:
                      1.2721551322e+01 T
                      1.1151980243e+00 P

blocking fork: dakota_run_component params.in results.out

Active response data for CSDMS evaluation 90:
Active set vector = { 1 }
                      1.6000000000e+02 n_Cs40



------------------------------
Begin    CSDMS Evaluation   91
------------------------------
Parameters for evaluation 91:
                      1.8576318828e+01 T
                      1.6123066958e+00 P

blocking fork: dakota_run_component params.in results.out

Active response data for CSDMS evaluation 91:
Active set vector = { 1 }
                      2.4300000000e+02 n_Cs40



------------------------------
Begin    CSDMS Evaluation   92
------------------------------
Parameters for evaluation 92:
                      1.9321309871e+01 T
                      1.8683287094e+00 P

blocking fork: dakota_run_component params.in results.out

Active response data for CSDMS evaluation 92:
Active set vector = { 1 }
                      1.8000000000e+02 n_Cs40



------------------------------
Begin    CSDMS Evaluation   93
------------------------------
Parameters for evaluation 93:
                      1.1263752090e+01 T
                      1.6798063445e+00 P

blocking fork: dakota_run_component params.in results.out

Active response data for CSDMS evaluation 93:
Active set vector = { 1 }
                      5.5000000000e+01 n_Cs40



------------------------------
Begin    CSDMS Evaluation   94
------------------------------
Parameters for evaluation 94:
                      1.7981648885e+01 T
                      1.3687204379e+00 P

blocking fork: dakota_run_component params.in results.out

Active response data for CSDMS evaluation 94:
Active set vector = { 1 }
                      2.7500000000e+02 n_Cs40



------------------------------
Begin    CSDMS Evaluation   95
------------------------------
Parameters for evaluation 95:
                      1.4732508952e+01 T
                      1.6022019207e+00 P

blocking fork: dakota_run_component params.in results.out

Active response data for CSDMS evaluation 95:
Active set vector = { 1 }
                      1.3400000000e+02 n_Cs40



------------------------------
Begin    CSDMS Evaluation   96
------------------------------
Parameters for evaluation 96:
                      1.4940460010e+01 T
                      1.3476819044e+00 P

blocking fork: dakota_run_component params.in results.out

Active response data for CSDMS evaluation 96:
Active set vector = { 1 }
                      1.8500000000e+02 n_Cs40



------------------------------
Begin    CSDMS Evaluation   97
------------------------------
Parameters for evaluation 97:
                      1.4504645720e+01 T
                      1.3135612529e+00 P

blocking fork: dakota_run_component params.in results.out

Active response data for CSDMS evaluation 97:
Active set vector = { 1 }
                      1.7900000000e+02 n_Cs40



------------------------------
Begin    CSDMS Evaluation   98
------------------------------
Parameters for evaluation 98:
                      1.4029772572e+01 T
                      1.8051568058e+00 P

blocking fork: dakota_run_component params.in results.out

Active response data for CSDMS evaluation 98:
Active set vector = { 1 }
                      9.0000000000e+01 n_Cs40



------------------------------
Begin    CSDMS Evaluation   99
------------------------------
Parameters for evaluation 99:
                      1.1321950100e+01 T
                      1.2419744378e+00 P

blocking fork: dakota_run_component params.in results.out

Active response data for CSDMS evaluation 99:
Active set vector = { 1 }
                      1.0400000000e+02 n_Cs40



------------------------------
Begin    CSDMS Evaluation  100
------------------------------
Parameters for evaluation 100:
                      1.7411847226e+01 T
                      1.2150273804e+00 P

blocking fork: dakota_run_component params.in results.out

Active response data for CSDMS evaluation 100:
Active set vector = { 1 }
                      3.3400000000e+02 n_Cs40


<<<<< Function evaluation summary (CSDMS): 100 total (100 new, 0 duplicate)

Statistics based on 100 samples:

Moment-based statistics for each response function:
                    Mean           Std Dev          Skewness          Kurtosis
n_Cs40  1.7735000000e+02  1.0744069306e+02  8.9093536694e-01  3.1585415689e-01

95% confidence intervals for each response function:
            LowerCI_Mean      UpperCI_Mean    LowerCI_StdDev    UpperCI_StdDev
n_Cs40  1.5603143555e+02  1.9866856445e+02  9.4333663982e+01  1.2481119454e+02

Level mappings for each response function:
Cumulative Distribution Function (CDF) for n_Cs40:
     Response Level  Probability Level  Reliability Index  General Rel Index
     --------------  -----------------  -----------------  -----------------
   4.0000000000e+01   3.0000000000e-02
   4.9000000000e+01   5.0000000000e-02
   6.2000000000e+01   1.0000000000e-01
   1.0300000000e+02   3.3000000000e-01
   1.5700000000e+02   5.0000000000e-01
   2.1200000000e+02   6.7000000000e-01
   3.3200000000e+02   9.0000000000e-01
   3.9400000000e+02   9.5000000000e-01

Probability Density Function (PDF) histograms for each response function:
PDF for n_Cs40:
          Bin Lower          Bin Upper      Density Value
          ---------          ---------      -------------
   2.6000000000e+01   4.0000000000e+01   2.1428571429e-03
   4.0000000000e+01   4.9000000000e+01   1.1111111111e-03
   4.9000000000e+01   6.2000000000e+01   3.8461538462e-03
   6.2000000000e+01   1.0300000000e+02   5.3658536585e-03
   1.0300000000e+02   1.5700000000e+02   3.3333333333e-03
   1.5700000000e+02   2.1200000000e+02   3.0909090909e-03
   2.1200000000e+02   3.3200000000e+02   1.9166666667e-03
   3.3200000000e+02   3.9400000000e+02   8.0645161290e-04
   3.9400000000e+02   4.9400000000e+02   6.0000000000e-04

Simple Correlation Matrix among all inputs and outputs:
                  T            P       n_Cs40 
T       1.00000e+00 
P      -2.37413e-02  1.00000e+00 
n_Cs40  7.62527e-01 -5.74879e-01  1.00000e+00 

Partial Correlation Matrix between input and output:
        n_Cs40 
T  9.15491e-01 
P -8.60850e-01 

Simple Rank Correlation Matrix among all inputs and outputs:
                  T            P       n_Cs40 
T       1.00000e+00 
P      -2.28623e-02  1.00000e+00 
n_Cs40  8.09361e-01 -5.74485e-01  1.00000e+00 

Partial Rank Correlation Matrix between input and output:
        n_Cs40 
T  9.73025e-01 
P -9.46903e-01 


<<<<< Iterator random_sampling completed.
<<<<< Environment execution completed.
