Writing new restart file dakota.rst

>>>>> Executing environment.

>>>>> Running polynomial_chaos iterator.

>>>>> Building global_projection_orthogonal_polynomial approximations.

Number of Gauss points per variable: { 4 4 }
Total number of integration points: 16

------------------------------
Begin    CSDMS Evaluation    1
------------------------------
Parameters for evaluation 1:
                      1.3008295533e+01 starting_mean_annual_temperature
                      1.4277727377e+00 total_annual_precipitation

blocking fork: dakota_run_component params.in results.out

Active response data for CSDMS evaluation 1:
Active set vector = { 1 }
                      3.2835918171e+00 channel_exit_water_sediment~suspended__mass_flow_rate



------------------------------
Begin    CSDMS Evaluation    2
------------------------------
Parameters for evaluation 2:
                      1.3790028435e+01 starting_mean_annual_temperature
                      1.4277727377e+00 total_annual_precipitation

blocking fork: dakota_run_component params.in results.out

Active response data for CSDMS evaluation 2:
Active set vector = { 1 }
                      3.6393891261e+00 channel_exit_water_sediment~suspended__mass_flow_rate



------------------------------
Begin    CSDMS Evaluation    3
------------------------------
ParameDAKOTA execution time in seconds:
  Total CPU        =       0.19 [parent =   0.189971, child =    2.9e-05]
  Total wall clock =    37.3427
annual_precipitation

blocking fork: dakota_run_component params.in results.out

Active response data for CSDMS evaluation 3:
Active set vector = { 1 }
                      4.1292827876e+00 channel_exit_water_sediment~suspended__mass_flow_rate



------------------------------
Begin    CSDMS Evaluation    4
------------------------------
Parameters for evaluation 4:
                      1.5591704467e+01 starting_mean_annual_temperature
                      1.4277727377e+00 total_annual_precipitation

blocking fork: dakota_run_component params.in results.out

Active response data for CSDMS evaluation 4:
Active set vector = { 1 }
                      4.5436226605e+00 channel_exit_water_sediment~suspended__mass_flow_rate



------------------------------
Begin    CSDMS Evaluation    5
------------------------------
Parameters for evaluation 5:
                      1.3008295533e+01 starting_mean_annual_temperature
                      1.5320037913e+00 total_annual_precipitation

blocking fork: dakota_run_component params.in results.out

Active response data for CSDMS evaluation 5:
Active set vector = { 1 }
                      3.4564484716e+00 channel_exit_water_sediment~suspended__mass_flow_rate



------------------------------
Begin    CSDMS Evaluation    6
------------------------------
Parameters for evaluation 6:
                      1.3790028435e+01 starting_mean_annual_temperature
                      1.5320037913e+00 total_annual_precipitation

blocking fork: dakota_run_component params.in results.out

Active response data for CSDMS evaluation 6:
Active set vector = { 1 }
                      3.8335117882e+00 channel_exit_water_sediment~suspended__mass_flow_rate



------------------------------
Begin    CSDMS Evaluation    7
------------------------------
Parameters for evaluation 7:
                      1.4809971565e+01 starting_mean_annual_temperature
                      1.5320037913e+00 total_annual_precipitation

blocking fork: dakota_run_component params.in results.out

Active response data for CSDMS evaluation 7:
Active set vector = { 1 }
                      4.3607952713e+00 channel_exit_water_sediment~suspended__mass_flow_rate



------------------------------
Begin    CSDMS Evaluation    8
------------------------------
Parameters for evaluation 8:
                      1.5591704467e+01 starting_mean_annual_temperature
                      1.5320037913e+00 total_annual_precipitation

blocking fork: dakota_run_component params.in results.out

Active response data for CSDMS evaluation 8:
Active set vector = { 1 }
                      4.7999168425e+00 channel_exit_water_sediment~suspended__mass_flow_rate



------------------------------
Begin    CSDMS Evaluation    9
------------------------------
Parameters for evaluation 9:
                      1.3008295533e+01 starting_mean_annual_temperature
                      1.6679962087e+00 total_annual_precipitation

blocking fork: dakota_run_component params.in results.out

Active response data for CSDMS evaluation 9:
Active set vector = { 1 }
                      3.7647696260e+00 channel_exit_water_sediment~suspended__mass_flow_rate



------------------------------
Begin    CSDMS Evaluation   10
------------------------------
Parameters for evaluation 10:
                      1.3790028435e+01 starting_mean_annual_temperature
                      1.6679962087e+00 total_annual_precipitation

blocking fork: dakota_run_component params.in results.out

Active response data for CSDMS evaluation 10:
Active set vector = { 1 }
                      4.1821165800e+00 channel_exit_water_sediment~suspended__mass_flow_rate



------------------------------
Begin    CSDMS Evaluation   11
------------------------------
Parameters for evaluation 11:
                      1.4809971565e+01 starting_mean_annual_temperature
                      1.6679962087e+00 total_annual_precipitation

blocking fork: dakota_run_component params.in results.out

Active response data for CSDMS evaluation 11:
Active set vector = { 1 }
                      4.7340080415e+00 channel_exit_water_sediment~suspended__mass_flow_rate



------------------------------
Begin    CSDMS Evaluation   12
------------------------------
Parameters for evaluation 12:
                      1.5591704467e+01 starting_mean_annual_temperature
                      1.6679962087e+00 total_annual_precipitation

blocking fork: dakota_run_component params.in results.out

Active response data for CSDMS evaluation 12:
Active set vector = { 1 }
                      5.2368728966e+00 channel_exit_water_sediment~suspended__mass_flow_rate



------------------------------
Begin    CSDMS Evaluation   13
------------------------------
Parameters for evaluation 13:
                      1.3008295533e+01 starting_mean_annual_temperature
                      1.7722272623e+00 total_annual_precipitation

blocking fork: dakota_run_component params.in results.out

Active response data for CSDMS evaluation 13:
Active set vector = { 1 }
                      3.6678487142e+00 channel_exit_water_sediment~suspended__mass_flow_rate



------------------------------
Begin    CSDMS Evaluation   14
------------------------------
Parameters for evaluation 14:
                      1.3790028435e+01 starting_mean_annual_temperature
                      1.7722272623e+00 total_annual_precipitation

blocking fork: dakota_run_component params.in results.out

Active response data for CSDMS evaluation 14:
Active set vector = { 1 }
                      4.0748858441e+00 channel_exit_water_sediment~suspended__mass_flow_rate



------------------------------
Begin    CSDMS Evaluation   15
------------------------------
Parameters for evaluation 15:
                      1.4809971565e+01 starting_mean_annual_temperature
                      1.7722272623e+00 total_annual_precipitation

blocking fork: dakota_run_component params.in results.out

Active response data for CSDMS evaluation 15:
Active set vector = { 1 }
                      4.6263066513e+00 channel_exit_water_sediment~suspended__mass_flow_rate



------------------------------
Begin    CSDMS Evaluation   16
------------------------------
Parameters for evaluation 16:
                      1.5591704467e+01 starting_mean_annual_temperature
                      1.7722272623e+00 total_annual_precipitation

blocking fork: dakota_run_component params.in results.out

Active response data for CSDMS evaluation 16:
Active set vector = { 1 }
                      5.0733310558e+00 channel_exit_water_sediment~suspended__mass_flow_rate


Constructing global approximations with no anchor, 16 DACE samples, and 0 reused points.

<<<<< global_projection_orthogonal_polynomial approximation builds completed.

NonD random Samples = 10000 Seed (user-specified) = 17
Beginning Approximate Fn Evaluations...
<<<<< Function evaluation summary (CSDMS): 16 total (16 new, 0 duplicate)
-----------------------------------------------------------------------------
Coefficients of Polynomial Chaos Expansion for channel_exit_water_sediment~suspended__mass_flow_rate:
        coefficient   u1   u2
        ----------- ---- ----
   4.2332518954e+00   P0   P0
   7.9809077737e-01   P1   P0
   3.4750185239e-02   P2   P0
   1.1741943001e-02   P3   P0
   3.2943902768e-01   P0   P1
   6.0504327948e-02   P1   P1
  -2.8503248167e-04   P2   P1
   6.4495414699e-03   P3   P1
  -1.7509617145e-01   P0   P2
  -4.2609472760e-02   P1   P2
  -1.3907809868e-02   P2   P2
  -1.0701018799e-02   P3   P2
  -1.7120891478e-01   P0   P3
  -3.0168366108e-02   P1   P3
  -1.5406119766e-02   P2   P3
  -2.4549796384e-02   P3   P3
-----------------------------------------------------------------------------
Statistics derived analytically from polynomial expansion:

Moment-based statistics for each response function:
                            Mean           Std Dev          Skewness          Kurtosis
channel_exit_water_sediment~suspended__mass_flow_rate
  expansion:    4.2332518954e+00  5.0958476979e-01
  integration:  4.2332518954e+00  5.0958476979e-01  1.5674463800e-01 -8.0978101091e-01

Covariance matrix for response functions:
[[  2.5967663760e-01 ]] 

Local sensitivities for each response function evaluated at uncertain variable means:
channel_exit_water_sediment~suspended__mass_flow_rate:
 [  5.2917122343e-01  2.8742016313e+00 ] 

Global sensitivity indices for each response function:
channel_exit_water_sediment~suspended__mass_flow_rate Sobol' indices:
                                  Main             Total
                      8.1862392213e-01  8.2094683528e-01 starting_mean_annual_temperature
                      1.7905316472e-01  1.8137607787e-01 total_annual_precipitation
                           Interaction
                      2.3229131479e-03 starting_mean_annual_temperature total_annual_precipitation 

Statistics based on 10000 samples performed on polynomial expansion:

Probability Density Function (PDF) histograms for each response function:
PDF for channel_exit_water_sediment~suspended__mass_flow_rate:
          Bin Lower          Bin Upper      Density Value
          ---------          ---------      -------------
   3.1896840012e+00   3.4279608008e+00   2.0942030481e-01
   3.4279608008e+00   3.5766947588e+00   3.3617070820e-01
   3.5766947588e+00   3.9456725371e+00   6.2334377167e-01
   3.9456725371e+00   4.2117981406e+00   6.3879610880e-01
   4.2117981406e+00   4.4798789415e+00   6.3413716849e-01
   4.4798789415e+00   4.9286631533e+00   5.1249574731e-01
   4.9286631533e+00   5.0000000000e+00   3.1119962588e-01
   5.0000000000e+00   5.1050605877e+00   2.6460921853e-01
   5.1050605877e+00   5.4096241128e+00   1.6449770199e-01

Level mappings for each response function:
Cumulative Distribution Function (CDF) for channel_exit_water_sediment~suspended__mass_flow_rate:
     Response Level  Probability Level  Reliability Index  General Rel Index
     --------------  -----------------  -----------------  -----------------
   5.0000000000e+00   9.2210000000e-01
   3.4279608008e+00   5.0000000000e-02
   3.5766947588e+00   1.0000000000e-01
   3.9456725371e+00   3.3000000000e-01
   4.2117981406e+00   5.0000000000e-01
   4.4798789415e+00   6.7000000000e-01
   4.9286631533e+00   9.0000000000e-01
   5.1050605877e+00   9.5000000000e-01
-----------------------------------------------------------------------------

<<<<< Iterator polynomial_chaos completed.
<<<<< Environment execution completed.
