Writing new restart file dakota.rst

>>>>> Executing environment.

>>>>> Running random_sampling iterator.

NonD lhs Samples = 100 Seed (user-specified) = 17

------------------------------
Begin    CSDMS Evaluation    1
------------------------------
Parameters for evaluation 1:
                      1.3793571903e+01 T
                      1.7714841880e+00 P

blocking fork: dakota_run_component params.in results.out

Active response data for CSDMS evaluation 1:
Active set vector = { 1 }
                      9.0000000000e+01 n_Cs40



------------------------------
Begin    CSDMS Evaluation    2
------------------------------
Parameters for evaluation 2:
                      1.3894505859e+01 T
                      1.6606365516e+00 P

blocking fork: dakota_run_component params.in results.out

Active response data for CSDMS evaluation 2:
Active set vector = { 1 }
                      1.0800000000e+02 n_Cs40



------------------------------
Begin    CSDMS Evaluation    3
------------------------DAKOTA execution time in seconds:
  Total CPU        =       0.08 [parent =   0.080987, child =  -0.000987]
  Total wall clock =    3064.11
28e+00 P

blocking fork: dakota_run_component params.in results.out

Active response data for CSDMS evaluation 3:
Active set vector = { 1 }
                      1.2900000000e+02 n_Cs40



------------------------------
Begin    CSDMS Evaluation    4
------------------------------
Parameters for evaluation 4:
                      1.5056692515e+01 T
                      1.6334131250e+00 P

blocking fork: dakota_run_component params.in results.out

Active response data for CSDMS evaluation 4:
Active set vector = { 1 }
                      1.5200000000e+02 n_Cs40



------------------------------
Begin    CSDMS Evaluation    5
------------------------------
Parameters for evaluation 5:
                      1.3551029396e+01 T
                      1.5575723593e+00 P

blocking fork: dakota_run_component params.in results.out

Active response data for CSDMS evaluation 5:
Active set vector = { 1 }
                      9.4000000000e+01 n_Cs40



------------------------------
Begin    CSDMS Evaluation    6
------------------------------
Parameters for evaluation 6:
                      1.3545921263e+01 T
                      1.4642628093e+00 P

blocking fork: dakota_run_component params.in results.out

Active response data for CSDMS evaluation 6:
Active set vector = { 1 }
                      1.3100000000e+02 n_Cs40



------------------------------
Begin    CSDMS Evaluation    7
------------------------------
Parameters for evaluation 7:
                      1.5399776162e+01 T
                      1.4694886801e+00 P

blocking fork: dakota_run_component params.in results.out

Active response data for CSDMS evaluation 7:
Active set vector = { 1 }
                      1.9500000000e+02 n_Cs40



------------------------------
Begin    CSDMS Evaluation    8
------------------------------
Parameters for evaluation 8:
                      1.2982037011e+01 T
                      1.4153127706e+00 P

blocking fork: dakota_run_component params.in results.out

Active response data for CSDMS evaluation 8:
Active set vector = { 1 }
                      1.2400000000e+02 n_Cs40



------------------------------
Begin    CSDMS Evaluation    9
------------------------------
Parameters for evaluation 9:
                      1.3063609564e+01 T
                      1.4340825403e+00 P

blocking fork: dakota_run_component params.in results.out

Active response data for CSDMS evaluation 9:
Active set vector = { 1 }
                      1.2800000000e+02 n_Cs40



------------------------------
Begin    CSDMS Evaluation   10
------------------------------
Parameters for evaluation 10:
                      1.4421657240e+01 T
                      1.6114340987e+00 P

blocking fork: dakota_run_component params.in results.out

Active response data for CSDMS evaluation 10:
Active set vector = { 1 }
                      1.4500000000e+02 n_Cs40



------------------------------
Begin    CSDMS Evaluation   11
------------------------------
Parameters for evaluation 11:
                      1.4946246562e+01 T
                      1.5311823786e+00 P

blocking fork: dakota_run_component params.in results.out

Active response data for CSDMS evaluation 11:
Active set vector = { 1 }
                      1.4600000000e+02 n_Cs40



------------------------------
Begin    CSDMS Evaluation   12
------------------------------
Parameters for evaluation 12:
                      1.4203661021e+01 T
                      1.7182730529e+00 P

blocking fork: dakota_run_component params.in results.out

Active response data for CSDMS evaluation 12:
Active set vector = { 1 }
                      1.0300000000e+02 n_Cs40



------------------------------
Begin    CSDMS Evaluation   13
------------------------------
Parameters for evaluation 13:
                      1.3606318716e+01 T
                      1.6220975869e+00 P

blocking fork: dakota_run_component params.in results.out

Active response data for CSDMS evaluation 13:
Active set vector = { 1 }
                      1.0200000000e+02 n_Cs40



------------------------------
Begin    CSDMS Evaluation   14
------------------------------
Parameters for evaluation 14:
                      1.3237268087e+01 T
                      1.5118292109e+00 P

blocking fork: dakota_run_component params.in results.out

Active response data for CSDMS evaluation 14:
Active set vector = { 1 }
                      1.1500000000e+02 n_Cs40



------------------------------
Begin    CSDMS Evaluation   15
------------------------------
Parameters for evaluation 15:
                      1.2875917603e+01 T
                      1.7302793002e+00 P

blocking fork: dakota_run_component params.in results.out

Active response data for CSDMS evaluation 15:
Active set vector = { 1 }
                      7.7000000000e+01 n_Cs40



------------------------------
Begin    CSDMS Evaluation   16
------------------------------
Parameters for evaluation 16:
                      1.2976665945e+01 T
                      1.5923309420e+00 P

blocking fork: dakota_run_component params.in results.out

Active response data for CSDMS evaluation 16:
Active set vector = { 1 }
                      8.5000000000e+01 n_Cs40



------------------------------
Begin    CSDMS Evaluation   17
------------------------------
Parameters for evaluation 17:
                      1.2808839950e+01 T
                      1.4743171363e+00 P

blocking fork: dakota_run_component params.in results.out

Active response data for CSDMS evaluation 17:
Active set vector = { 1 }
                      1.0500000000e+02 n_Cs40



------------------------------
Begin    CSDMS Evaluation   18
------------------------------
Parameters for evaluation 18:
                      1.4465528606e+01 T
                      1.5418055587e+00 P

blocking fork: dakota_run_component params.in results.out

Active response data for CSDMS evaluation 18:
Active set vector = { 1 }
                      1.2500000000e+02 n_Cs40



------------------------------
Begin    CSDMS Evaluation   19
------------------------------
Parameters for evaluation 19:
                      1.5223918032e+01 T
                      1.4175614980e+00 P

blocking fork: dakota_run_component params.in results.out

Active response data for CSDMS evaluation 19:
Active set vector = { 1 }
                      1.7700000000e+02 n_Cs40



------------------------------
Begin    CSDMS Evaluation   20
------------------------------
Parameters for evaluation 20:
                      1.2925745624e+01 T
                      1.7869284482e+00 P

blocking fork: dakota_run_component params.in results.out

Active response data for CSDMS evaluation 20:
Active set vector = { 1 }
                      7.8000000000e+01 n_Cs40



------------------------------
Begin    CSDMS Evaluation   21
------------------------------
Parameters for evaluation 21:
                      1.4713810599e+01 T
                      1.4823230993e+00 P

blocking fork: dakota_run_component params.in results.out

Active response data for CSDMS evaluation 21:
Active set vector = { 1 }
                      1.6400000000e+02 n_Cs40



------------------------------
Begin    CSDMS Evaluation   22
------------------------------
Parameters for evaluation 22:
                      1.5624018370e+01 T
                      1.5155354569e+00 P

blocking fork: dakota_run_component params.in results.out

Active response data for CSDMS evaluation 22:
Active set vector = { 1 }
                      1.5500000000e+02 n_Cs40



------------------------------
Begin    CSDMS Evaluation   23
------------------------------
Parameters for evaluation 23:
                      1.3719572559e+01 T
                      1.6066994225e+00 P

blocking fork: dakota_run_component params.in results.out

Active response data for CSDMS evaluation 23:
Active set vector = { 1 }
                      1.1000000000e+02 n_Cs40



------------------------------
Begin    CSDMS Evaluation   24
------------------------------
Parameters for evaluation 24:
                      1.5737679016e+01 T
                      1.7539925747e+00 P

blocking fork: dakota_run_component params.in results.out

Active response data for CSDMS evaluation 24:
Active set vector = { 1 }
                      1.2600000000e+02 n_Cs40



------------------------------
Begin    CSDMS Evaluation   25
------------------------------
Parameters for evaluation 25:
                      1.3335797722e+01 T
                      1.4419714907e+00 P

blocking fork: dakota_run_component params.in results.out

Active response data for CSDMS evaluation 25:
Active set vector = { 1 }
                      1.3000000000e+02 n_Cs40



------------------------------
Begin    CSDMS Evaluation   26
------------------------------
Parameters for evaluation 26:
                      1.3268892728e+01 T
                      1.6770014779e+00 P

blocking fork: dakota_run_component params.in results.out

Active response data for CSDMS evaluation 26:
Active set vector = { 1 }
                      7.0000000000e+01 n_Cs40



------------------------------
Begin    CSDMS Evaluation   27
------------------------------
Parameters for evaluation 27:
                      1.3350734408e+01 T
                      1.7158413832e+00 P

blocking fork: dakota_run_component params.in results.out

Active response data for CSDMS evaluation 27:
Active set vector = { 1 }
                      7.9000000000e+01 n_Cs40



------------------------------
Begin    CSDMS Evaluation   28
------------------------------
Parameters for evaluation 28:
                      1.3281171887e+01 T
                      1.6293251923e+00 P

blocking fork: dakota_run_component params.in results.out

Active response data for CSDMS evaluation 28:
Active set vector = { 1 }
                      1.0300000000e+02 n_Cs40



------------------------------
Begin    CSDMS Evaluation   29
------------------------------
Parameters for evaluation 29:
                      1.3133089816e+01 T
                      1.7399520267e+00 P

blocking fork: dakota_run_component params.in results.out

Active response data for CSDMS evaluation 29:
Active set vector = { 1 }
                      7.6000000000e+01 n_Cs40



------------------------------
Begin    CSDMS Evaluation   30
------------------------------
Parameters for evaluation 30:
                      1.3948489645e+01 T
                      1.4257490079e+00 P

blocking fork: dakota_run_component params.in results.out

Active response data for CSDMS evaluation 30:
Active set vector = { 1 }
                      1.4200000000e+02 n_Cs40



------------------------------
Begin    CSDMS Evaluation   31
------------------------------
Parameters for evaluation 31:
                      1.5765139745e+01 T
                      1.6964246754e+00 P

blocking fork: dakota_run_component params.in results.out

Active response data for CSDMS evaluation 31:
Active set vector = { 1 }
                      1.3200000000e+02 n_Cs40



------------------------------
Begin    CSDMS Evaluation   32
------------------------------
Parameters for evaluation 32:
                      1.4605963216e+01 T
                      1.7975728638e+00 P

blocking fork: dakota_run_component params.in results.out

Active response data for CSDMS evaluation 32:
Active set vector = { 1 }
                      1.1500000000e+02 n_Cs40



------------------------------
Begin    CSDMS Evaluation   33
------------------------------
Parameters for evaluation 33:
                      1.5348823633e+01 T
                      1.5772420794e+00 P

blocking fork: dakota_run_component params.in results.out

Active response data for CSDMS evaluation 33:
Active set vector = { 1 }
                      1.6300000000e+02 n_Cs40



------------------------------
Begin    CSDMS Evaluation   34
------------------------------
Parameters for evaluation 34:
                      1.3837925398e+01 T
                      1.4049254626e+00 P

blocking fork: dakota_run_component params.in results.out

Active response data for CSDMS evaluation 34:
Active set vector = { 1 }
                      1.4800000000e+02 n_Cs40



------------------------------
Begin    CSDMS Evaluation   35
------------------------------
Parameters for evaluation 35:
                      1.3507112521e+01 T
                      1.4918173515e+00 P

blocking fork: dakota_run_component params.in results.out

Active response data for CSDMS evaluation 35:
Active set vector = { 1 }
                      1.2700000000e+02 n_Cs40



------------------------------
Begin    CSDMS Evaluation   36
------------------------------
Parameters for evaluation 36:
                      1.4501541116e+01 T
                      1.6550457461e+00 P

blocking fork: dakota_run_component params.in results.out

Active response data for CSDMS evaluation 36:
Active set vector = { 1 }
                      1.1700000000e+02 n_Cs40



------------------------------
Begin    CSDMS Evaluation   37
------------------------------
Parameters for evaluation 37:
                      1.4338902696e+01 T
                      1.7788523456e+00 P

blocking fork: dakota_run_component params.in results.out

Active response data for CSDMS evaluation 37:
Active set vector = { 1 }
                      1.0800000000e+02 n_Cs40



------------------------------
Begin    CSDMS Evaluation   38
------------------------------
Parameters for evaluation 38:
                      1.4768408479e+01 T
                      1.4556908467e+00 P

blocking fork: dakota_run_component params.in results.out

Active response data for CSDMS evaluation 38:
Active set vector = { 1 }
                      1.6300000000e+02 n_Cs40



------------------------------
Begin    CSDMS Evaluation   39
------------------------------
Parameters for evaluation 39:
                      1.5166639473e+01 T
                      1.4211531960e+00 P

blocking fork: dakota_run_component params.in results.out

Active response data for CSDMS evaluation 39:
Active set vector = { 1 }
                      1.9000000000e+02 n_Cs40



------------------------------
Begin    CSDMS Evaluation   40
------------------------------
Parameters for evaluation 40:
                      1.5461563282e+01 T
                      1.4373665067e+00 P

blocking fork: dakota_run_component params.in results.out

Active response data for CSDMS evaluation 40:
Active set vector = { 1 }
                      2.0200000000e+02 n_Cs40



------------------------------
Begin    CSDMS Evaluation   41
------------------------------
Parameters for evaluation 41:
                      1.4980302872e+01 T
                      1.4318090730e+00 P

blocking fork: dakota_run_component params.in results.out

Active response data for CSDMS evaluation 41:
Active set vector = { 1 }
                      1.7600000000e+02 n_Cs40



------------------------------
Begin    CSDMS Evaluation   42
------------------------------
Parameters for evaluation 42:
                      1.3428370496e+01 T
                      1.5689455245e+00 P

blocking fork: dakota_run_component params.in results.out

Active response data for CSDMS evaluation 42:
Active set vector = { 1 }
                      1.0400000000e+02 n_Cs40



------------------------------
Begin    CSDMS Evaluation   43
------------------------------
Parameters for evaluation 43:
                      1.4684940918e+01 T
                      1.7569182106e+00 P

blocking fork: dakota_run_component params.in results.out

Active response data for CSDMS evaluation 43:
Active set vector = { 1 }
                      1.0900000000e+02 n_Cs40



------------------------------
Begin    CSDMS Evaluation   44
------------------------------
Parameters for evaluation 44:
                      1.4645374772e+01 T
                      1.5166586097e+00 P

blocking fork: dakota_run_component params.in results.out

Active response data for CSDMS evaluation 44:
Active set vector = { 1 }
                      1.4500000000e+02 n_Cs40



------------------------------
Begin    CSDMS Evaluation   45
------------------------------
Parameters for evaluation 45:
                      1.4044328954e+01 T
                      1.7884986227e+00 P

blocking fork: dakota_run_component params.in results.out

Active response data for CSDMS evaluation 45:
Active set vector = { 1 }
                      9.6000000000e+01 n_Cs40



------------------------------
Begin    CSDMS Evaluation   46
------------------------------
Parameters for evaluation 46:
                      1.3858989022e+01 T
                      1.4033172191e+00 P

blocking fork: dakota_run_component params.in results.out

Active response data for CSDMS evaluation 46:
Active set vector = { 1 }
                      1.4500000000e+02 n_Cs40



------------------------------
Begin    CSDMS Evaluation   47
------------------------------
Parameters for evaluation 47:
                      1.5795504225e+01 T
                      1.5836519967e+00 P

blocking fork: dakota_run_component params.in results.out

Active response data for CSDMS evaluation 47:
Active set vector = { 1 }
                      1.5200000000e+02 n_Cs40



------------------------------
Begin    CSDMS Evaluation   48
------------------------------
Parameters for evaluation 48:
                      1.4880686640e+01 T
                      1.7603206054e+00 P

blocking fork: dakota_run_component params.in results.out

Active response data for CSDMS evaluation 48:
Active set vector = { 1 }
                      1.1000000000e+02 n_Cs40



------------------------------
Begin    CSDMS Evaluation   49
------------------------------
Parameters for evaluation 49:
                      1.3452276987e+01 T
                      1.7005942991e+00 P

blocking fork: dakota_run_component params.in results.out

Active response data for CSDMS evaluation 49:
Active set vector = { 1 }
                      8.6000000000e+01 n_Cs40



------------------------------
Begin    CSDMS Evaluation   50
------------------------------
Parameters for evaluation 50:
                      1.4364527201e+01 T
                      1.6139547760e+00 P

blocking fork: dakota_run_component params.in results.out

Active response data for CSDMS evaluation 50:
Active set vector = { 1 }
                      1.2400000000e+02 n_Cs40



------------------------------
Begin    CSDMS Evaluation   51
------------------------------
Parameters for evaluation 51:
                      1.4304317118e+01 T
                      1.4600427826e+00 P

blocking fork: dakota_run_component params.in results.out

Active response data for CSDMS evaluation 51:
Active set vector = { 1 }
                      1.4300000000e+02 n_Cs40



------------------------------
Begin    CSDMS Evaluation   52
------------------------------
Parameters for evaluation 52:
                      1.2835453333e+01 T
                      1.5610952528e+00 P

blocking fork: dakota_run_component params.in results.out

Active response data for CSDMS evaluation 52:
Active set vector = { 1 }
                      7.9000000000e+01 n_Cs40



------------------------------
Begin    CSDMS Evaluation   53
------------------------------
Parameters for evaluation 53:
                      1.4904768762e+01 T
                      1.6187715875e+00 P

blocking fork: dakota_run_component params.in results.out

Active response data for CSDMS evaluation 53:
Active set vector = { 1 }
                      1.3500000000e+02 n_Cs40



------------------------------
Begin    CSDMS Evaluation   54
------------------------------
Parameters for evaluation 54:
                      1.5303796200e+01 T
                      1.6738149498e+00 P

blocking fork: dakota_run_component params.in results.out

Active response data for CSDMS evaluation 54:
Active set vector = { 1 }
                      1.1800000000e+02 n_Cs40



------------------------------
Begin    CSDMS Evaluation   55
------------------------------
Parameters for evaluation 55:
                      1.4548769521e+01 T
                      1.5868625730e+00 P

blocking fork: dakota_run_component params.in results.out

Active response data for CSDMS evaluation 55:
Active set vector = { 1 }
                      1.2600000000e+02 n_Cs40



------------------------------
Begin    CSDMS Evaluation   56
------------------------------
Parameters for evaluation 56:
                      1.5138907203e+01 T
                      1.6271403348e+00 P

blocking fork: dakota_run_component params.in results.out

Active response data for CSDMS evaluation 56:
Active set vector = { 1 }
                      1.2800000000e+02 n_Cs40



------------------------------
Begin    CSDMS Evaluation   57
------------------------------
Parameters for evaluation 57:
                      1.3684627071e+01 T
                      1.7504888205e+00 P

blocking fork: dakota_run_component params.in results.out

Active response data for CSDMS evaluation 57:
Active set vector = { 1 }
                      9.5000000000e+01 n_Cs40



------------------------------
Begin    CSDMS Evaluation   58
------------------------------
Parameters for evaluation 58:
                      1.3738181176e+01 T
                      1.6589096501e+00 P

blocking fork: dakota_run_component params.in results.out

Active response data for CSDMS evaluation 58:
Active set vector = { 1 }
                      9.9000000000e+01 n_Cs40



------------------------------
Begin    CSDMS Evaluation   59
------------------------------
Parameters for evaluation 59:
                      1.5093349882e+01 T
                      1.5556644403e+00 P

blocking fork: dakota_run_component params.in results.out

Active response data for CSDMS evaluation 59:
Active set vector = { 1 }
                      1.5500000000e+02 n_Cs40



------------------------------
Begin    CSDMS Evaluation   60
------------------------------
Parameters for evaluation 60:
                      1.4737039734e+01 T
                      1.5749006135e+00 P

blocking fork: dakota_run_component params.in results.out

Active response data for CSDMS evaluation 60:
Active set vector = { 1 }
                      1.3000000000e+02 n_Cs40



------------------------------
Begin    CSDMS Evaluation   61
------------------------------
Parameters for evaluation 61:
                      1.3034204640e+01 T
                      1.4599375342e+00 P

blocking fork: dakota_run_component params.in results.out

Active response data for CSDMS evaluation 61:
Active set vector = { 1 }
                      1.1000000000e+02 n_Cs40



------------------------------
Begin    CSDMS Evaluation   62
------------------------------
Parameters for evaluation 62:
                      1.4575295481e+01 T
                      1.5009024919e+00 P

blocking fork: dakota_run_component params.in results.out

Active response data for CSDMS evaluation 62:
Active set vector = { 1 }
                      1.5400000000e+02 n_Cs40



------------------------------
Begin    CSDMS Evaluation   63
------------------------------
Parameters for evaluation 63:
                      1.2915327015e+01 T
                      1.7658570819e+00 P

blocking fork: dakota_run_component params.in results.out

Active response data for CSDMS evaluation 63:
Active set vector = { 1 }
                      7.4000000000e+01 n_Cs40



------------------------------
Begin    CSDMS Evaluation   64
------------------------------
Parameters for evaluation 64:
                      1.3371238177e+01 T
                      1.5359070050e+00 P

blocking fork: dakota_run_component params.in results.out

Active response data for CSDMS evaluation 64:
Active set vector = { 1 }
                      9.8000000000e+01 n_Cs40



------------------------------
Begin    CSDMS Evaluation   65
------------------------------
Parameters for evaluation 65:
                      1.3641535810e+01 T
                      1.7320700083e+00 P

blocking fork: dakota_run_component params.in results.out

Active response data for CSDMS evaluation 65:
Active set vector = { 1 }
                      9.3000000000e+01 n_Cs40



------------------------------
Begin    CSDMS Evaluation   66
------------------------------
Parameters for evaluation 66:
                      1.5411501745e+01 T
                      1.6819507093e+00 P

blocking fork: dakota_run_component params.in results.out

Active response data for CSDMS evaluation 66:
Active set vector = { 1 }
                      1.3400000000e+02 n_Cs40



------------------------------
Begin    CSDMS Evaluation   67
------------------------------
Parameters for evaluation 67:
                      1.4782470193e+01 T
                      1.4485217171e+00 P

blocking fork: dakota_run_component params.in results.out

Active response data for CSDMS evaluation 67:
Active set vector = { 1 }
                      1.6200000000e+02 n_Cs40



------------------------------
Begin    CSDMS Evaluation   68
------------------------------
Parameters for evaluation 68:
                      1.5522307303e+01 T
                      1.5043333016e+00 P

blocking fork: dakota_run_component params.in results.out

Active response data for CSDMS evaluation 68:
Active set vector = { 1 }
                      1.7700000000e+02 n_Cs40



------------------------------
Begin    CSDMS Evaluation   69
------------------------------
Parameters for evaluation 69:
                      1.5703309237e+01 T
                      1.7740985150e+00 P

blocking fork: dakota_run_component params.in results.out

Active response data for CSDMS evaluation 69:
Active set vector = { 1 }
                      1.2600000000e+02 n_Cs40



------------------------------
Begin    CSDMS Evaluation   70
------------------------------
Parameters for evaluation 70:
                      1.3082306698e+01 T
                      1.6905634993e+00 P

blocking fork: dakota_run_component params.in results.out

Active response data for CSDMS evaluation 70:
Active set vector = { 1 }
                      8.9000000000e+01 n_Cs40



------------------------------
Begin    CSDMS Evaluation   71
------------------------------
Parameters for evaluation 71:
                      1.4811901669e+01 T
                      1.5506686115e+00 P

blocking fork: dakota_run_component params.in results.out

Active response data for CSDMS evaluation 71:
Active set vector = { 1 }
                      1.4100000000e+02 n_Cs40



------------------------------
Begin    CSDMS Evaluation   72
------------------------------
Parameters for evaluation 72:
                      1.4856349957e+01 T
                      1.6846335041e+00 P

blocking fork: dakota_run_component params.in results.out

Active response data for CSDMS evaluation 72:
Active set vector = { 1 }
                      1.1800000000e+02 n_Cs40



------------------------------
Begin    CSDMS Evaluation   73
------------------------------
Parameters for evaluation 73:
                      1.4076845267e+01 T
                      1.7414599270e+00 P

blocking fork: dakota_run_component params.in results.out

Active response data for CSDMS evaluation 73:
Active set vector = { 1 }
                      1.0600000000e+02 n_Cs40



------------------------------
Begin    CSDMS Evaluation   74
------------------------------
Parameters for evaluation 74:
                      1.4532751977e+01 T
                      1.7062944397e+00 P

blocking fork: dakota_run_component params.in results.out

Active response data for CSDMS evaluation 74:
Active set vector = { 1 }
                      1.1000000000e+02 n_Cs40



------------------------------
Begin    CSDMS Evaluation   75
------------------------------
Parameters for evaluation 75:
                      1.5655323986e+01 T
                      1.6027019458e+00 P

blocking fork: dakota_run_component params.in results.out

Active response data for CSDMS evaluation 75:
Active set vector = { 1 }
                      1.4600000000e+02 n_Cs40



------------------------------
Begin    CSDMS Evaluation   76
------------------------------
Parameters for evaluation 76:
                      1.5494933676e+01 T
                      1.5200627848e+00 P

blocking fork: dakota_run_component params.in results.out

Active response data for CSDMS evaluation 76:
Active set vector = { 1 }
                      1.6200000000e+02 n_Cs40



------------------------------
Begin    CSDMS Evaluation   77
------------------------------
Parameters for evaluation 77:
                      1.3461801340e+01 T
                      1.7273913424e+00 P

blocking fork: dakota_run_component params.in results.out

Active response data for CSDMS evaluation 77:
Active set vector = { 1 }
                      9.6000000000e+01 n_Cs40



------------------------------
Begin    CSDMS Evaluation   78
------------------------------
Parameters for evaluation 78:
                      1.5530296642e+01 T
                      1.5890822133e+00 P

blocking fork: dakota_run_component params.in results.out

Active response data for CSDMS evaluation 78:
Active set vector = { 1 }
                      1.4800000000e+02 n_Cs40



------------------------------
Begin    CSDMS Evaluation   79
------------------------------
Parameters for evaluation 79:
                      1.4105740139e+01 T
                      1.7827278836e+00 P

blocking fork: dakota_run_component params.in results.out

Active response data for CSDMS evaluation 79:
Active set vector = { 1 }
                      1.0300000000e+02 n_Cs40



------------------------------
Begin    CSDMS Evaluation   80
------------------------------
Parameters for evaluation 80:
                      1.3970033717e+01 T
                      1.4922376794e+00 P

blocking fork: dakota_run_component params.in results.out

Active response data for CSDMS evaluation 80:
Active set vector = { 1 }
                      1.4400000000e+02 n_Cs40



------------------------------
Begin    CSDMS Evaluation   81
------------------------------
Parameters for evaluation 81:
                      1.3776552541e+01 T
                      1.6941617104e+00 P

blocking fork: dakota_run_component params.in results.out

Active response data for CSDMS evaluation 81:
Active set vector = { 1 }
                      1.0000000000e+02 n_Cs40



------------------------------
Begin    CSDMS Evaluation   82
------------------------------
Parameters for evaluation 82:
                      1.5014147331e+01 T
                      1.6642565111e+00 P

blocking fork: dakota_run_component params.in results.out

Active response data for CSDMS evaluation 82:
Active set vector = { 1 }
                      1.3300000000e+02 n_Cs40



------------------------------
Begin    CSDMS Evaluation   83
------------------------------
Parameters for evaluation 83:
                      1.5586632091e+01 T
                      1.6489814896e+00 P

blocking fork: dakota_run_component params.in results.out

Active response data for CSDMS evaluation 83:
Active set vector = { 1 }
                      1.3700000000e+02 n_Cs40



------------------------------
Begin    CSDMS Evaluation   84
------------------------------
Parameters for evaluation 84:
                      1.3921335622e+01 T
                      1.4081166280e+00 P

blocking fork: dakota_run_component params.in results.out

Active response data for CSDMS evaluation 84:
Active set vector = { 1 }
                      1.5900000000e+02 n_Cs40



------------------------------
Begin    CSDMS Evaluation   85
------------------------------
Parameters for evaluation 85:
                      1.5239830640e+01 T
                      1.5665994028e+00 P

blocking fork: dakota_run_component params.in results.out

Active response data for CSDMS evaluation 85:
Active set vector = { 1 }
                      1.3300000000e+02 n_Cs40



------------------------------
Begin    CSDMS Evaluation   86
------------------------------
Parameters for evaluation 86:
                      1.4131881423e+01 T
                      1.4791255378e+00 P

blocking fork: dakota_run_component params.in results.out

Active response data for CSDMS evaluation 86:
Active set vector = { 1 }
                      1.3300000000e+02 n_Cs40



------------------------------
Begin    CSDMS Evaluation   87
------------------------------
Parameters for evaluation 87:
                      1.4252554532e+01 T
                      1.5975702409e+00 P

blocking fork: dakota_run_component params.in results.out

Active response data for CSDMS evaluation 87:
Active set vector = { 1 }
                      1.2000000000e+02 n_Cs40



------------------------------
Begin    CSDMS Evaluation   88
------------------------------
Parameters for evaluation 88:
                      1.3119690006e+01 T
                      1.7104395063e+00 P

blocking fork: dakota_run_component params.in results.out

Active response data for CSDMS evaluation 88:
Active set vector = { 1 }
                      8.6000000000e+01 n_Cs40



------------------------------
Begin    CSDMS Evaluation   89
------------------------------
Parameters for evaluation 89:
                      1.4409954007e+01 T
                      1.7952944799e+00 P

blocking fork: dakota_run_component params.in results.out

Active response data for CSDMS evaluation 89:
Active set vector = { 1 }
                      1.0400000000e+02 n_Cs40



------------------------------
Begin    CSDMS Evaluation   90
------------------------------
Parameters for evaluation 90:
                      1.3616465397e+01 T
                      1.4460792097e+00 P

blocking fork: dakota_run_component params.in results.out

Active response data for CSDMS evaluation 90:
Active set vector = { 1 }
                      1.3200000000e+02 n_Cs40



------------------------------
Begin    CSDMS Evaluation   91
------------------------------
Parameters for evaluation 91:
                      1.5372895649e+01 T
                      1.6449226783e+00 P

blocking fork: dakota_run_component params.in results.out

Active response data for CSDMS evaluation 91:
Active set vector = { 1 }
                      1.4000000000e+02 n_Cs40



------------------------------
Begin    CSDMS Evaluation   92
------------------------------
Parameters for evaluation 92:
                      1.5596392961e+01 T
                      1.7473314837e+00 P

blocking fork: dakota_run_component params.in results.out

Active response data for CSDMS evaluation 92:
Active set vector = { 1 }
                      1.2800000000e+02 n_Cs40



------------------------------
Begin    CSDMS Evaluation   93
------------------------------
Parameters for evaluation 93:
                      1.3179125627e+01 T
                      1.6719225378e+00 P

blocking fork: dakota_run_component params.in results.out

Active response data for CSDMS evaluation 93:
Active set vector = { 1 }
                      8.3000000000e+01 n_Cs40



------------------------------
Begin    CSDMS Evaluation   94
------------------------------
Parameters for evaluation 94:
                      1.5194494666e+01 T
                      1.5474881751e+00 P

blocking fork: dakota_run_component params.in results.out

Active response data for CSDMS evaluation 94:
Active set vector = { 1 }
                      1.6200000000e+02 n_Cs40



------------------------------
Begin    CSDMS Evaluation   95
------------------------------
Parameters for evaluation 95:
                      1.4219752686e+01 T
                      1.6408807683e+00 P

blocking fork: dakota_run_component params.in results.out

Active response data for CSDMS evaluation 95:
Active set vector = { 1 }
                      1.1400000000e+02 n_Cs40



------------------------------
Begin    CSDMS Evaluation   96
------------------------------
Parameters for evaluation 96:
                      1.4282138003e+01 T
                      1.5390727618e+00 P

blocking fork: dakota_run_component params.in results.out

Active response data for CSDMS evaluation 96:
Active set vector = { 1 }
                      1.3000000000e+02 n_Cs40



------------------------------
Begin    CSDMS Evaluation   97
------------------------------
Parameters for evaluation 97:
                      1.4151393716e+01 T
                      1.5254245012e+00 P

blocking fork: dakota_run_component params.in results.out

Active response data for CSDMS evaluation 97:
Active set vector = { 1 }
                      1.3800000000e+02 n_Cs40



------------------------------
Begin    CSDMS Evaluation   98
------------------------------
Parameters for evaluation 98:
                      1.4008931771e+01 T
                      1.7220627223e+00 P

blocking fork: dakota_run_component params.in results.out

Active response data for CSDMS evaluation 98:
Active set vector = { 1 }
                      1.1700000000e+02 n_Cs40



------------------------------
Begin    CSDMS Evaluation   99
------------------------------
Parameters for evaluation 99:
                      1.3196585030e+01 T
                      1.4967897751e+00 P

blocking fork: dakota_run_component params.in results.out

Active response data for CSDMS evaluation 99:
Active set vector = { 1 }
                      1.2000000000e+02 n_Cs40



------------------------------
Begin    CSDMS Evaluation  100
------------------------------
Parameters for evaluation 100:
                      1.5023554168e+01 T
                      1.4860109522e+00 P

blocking fork: dakota_run_component params.in results.out

Active response data for CSDMS evaluation 100:
Active set vector = { 1 }
                      1.7500000000e+02 n_Cs40


<<<<< Function evaluation summary (CSDMS): 100 total (100 new, 0 duplicate)

Statistics based on 100 samples:

Moment-based statistics for each response function:
                    Mean           Std Dev          Skewness          Kurtosis
n_Cs40  1.2519000000e+02  2.8976373169e+01  2.8419760323e-01 -2.7781307705e-01

95% confidence intervals for each response function:
            LowerCI_Mean      UpperCI_Mean    LowerCI_StdDev    UpperCI_StdDev
n_Cs40  1.1944045892e+02  1.3093954108e+02  2.5441453997e+01  3.3661135698e+01

Level mappings for each response function:
Cumulative Distribution Function (CDF) for n_Cs40:
     Response Level  Probability Level  Reliability Index  General Rel Index
     --------------  -----------------  -----------------  -----------------
   4.0000000000e+01   0.0000000000e+00
   7.8000000000e+01   5.0000000000e-02
   8.6000000000e+01   1.0000000000e-01
   1.1000000000e+02   3.3000000000e-01
   1.2600000000e+02   5.0000000000e-01
   1.3500000000e+02   6.7000000000e-01
   1.6200000000e+02   9.0000000000e-01
   1.7600000000e+02   9.5000000000e-01

Probability Density Function (PDF) histograms for each response function:
PDF for n_Cs40:
          Bin Lower          Bin Upper      Density Value
          ---------          ---------      -------------
   4.0000000000e+01   7.8000000000e+01   1.0526315789e-03
   7.8000000000e+01   8.6000000000e+01   6.2500000000e-03
   8.6000000000e+01   1.1000000000e+02   9.5833333333e-03
   1.1000000000e+02   1.2600000000e+02   1.0000000000e-02
   1.2600000000e+02   1.3500000000e+02   2.0000000000e-02
   1.3500000000e+02   1.6200000000e+02   7.7777777778e-03
   1.6200000000e+02   1.7600000000e+02   5.0000000000e-03
   1.7600000000e+02   2.0200000000e+02   2.3076923077e-03

Simple Correlation Matrix among all inputs and outputs:
                  T            P       n_Cs40 
T       1.00000e+00 
P      -2.37413e-02  1.00000e+00 
n_Cs40  6.98226e-01 -6.55058e-01  1.00000e+00 

Partial Correlation Matrix between input and output:
        n_Cs40 
T  9.03767e-01 
P -8.92138e-01 

Simple Rank Correlation Matrix among all inputs and outputs:
                  T            P       n_Cs40 
T       1.00000e+00 
P      -2.28623e-02  1.00000e+00 
n_Cs40  7.05767e-01 -6.57186e-01  1.00000e+00 

Partial Rank Correlation Matrix between input and output:
        n_Cs40 
T  9.16673e-01 
P -9.05107e-01 


<<<<< Iterator random_sampling completed.
<<<<< Environment execution completed.
